The system is: Linux - 4.15.0-29-generic - x86_64
Compiling the C compiler identification source file "CMakeCCompilerId.c" succeeded.
Compiler: /usr/bin/cc 
Build flags: 
Id flags:  

The output was:
0


Compilation of the C compiler identification source "CMakeCCompilerId.c" produced "a.out"

The C compiler identification is GNU, found in "/home/abhi/Multicore/rstm_build/CMakeFiles/3.10.2/CompilerIdC/a.out"

Compiling the CXX compiler identification source file "CMakeCXXCompilerId.cpp" succeeded.
Compiler: /usr/bin/c++ 
Build flags: 
Id flags:  

The output was:
0


Compilation of the CXX compiler identification source "CMakeCXXCompilerId.cpp" produced "a.out"

The CXX compiler identification is GNU, found in "/home/abhi/Multicore/rstm_build/CMakeFiles/3.10.2/CompilerIdCXX/a.out"

Determining if the C compiler works passed with the following output:
Change Dir: /home/abhi/Multicore/rstm_build/CMakeFiles/CMakeTmp

Run Build Command:"/usr/bin/make" "cmTC_ee7c6/fast"
/usr/bin/make -f CMakeFiles/cmTC_ee7c6.dir/build.make CMakeFiles/cmTC_ee7c6.dir/build
make[1]: Entering directory '/home/abhi/Multicore/rstm_build/CMakeFiles/CMakeTmp'
Building C object CMakeFiles/cmTC_ee7c6.dir/testCCompiler.c.o
/usr/bin/cc   -O2 -g -DNDEBUG   -o CMakeFiles/cmTC_ee7c6.dir/testCCompiler.c.o   -c /home/abhi/Multicore/rstm_build/CMakeFiles/CMakeTmp/testCCompiler.c
Linking C executable cmTC_ee7c6
/usr/bin/cmake -E cmake_link_script CMakeFiles/cmTC_ee7c6.dir/link.txt --verbose=1
/usr/bin/cc   -O2 -g -DNDEBUG    -rdynamic CMakeFiles/cmTC_ee7c6.dir/testCCompiler.c.o  -o cmTC_ee7c6 
make[1]: Leaving directory '/home/abhi/Multicore/rstm_build/CMakeFiles/CMakeTmp'


Detecting C compiler ABI info compiled with the following output:
Change Dir: /home/abhi/Multicore/rstm_build/CMakeFiles/CMakeTmp

Run Build Command:"/usr/bin/make" "cmTC_6ddf9/fast"
/usr/bin/make -f CMakeFiles/cmTC_6ddf9.dir/build.make CMakeFiles/cmTC_6ddf9.dir/build
make[1]: Entering directory '/home/abhi/Multicore/rstm_build/CMakeFiles/CMakeTmp'
Building C object CMakeFiles/cmTC_6ddf9.dir/CMakeCCompilerABI.c.o
/usr/bin/cc   -O2 -g -DNDEBUG   -o CMakeFiles/cmTC_6ddf9.dir/CMakeCCompilerABI.c.o   -c /usr/share/cmake-3.10/Modules/CMakeCCompilerABI.c
Linking C executable cmTC_6ddf9
/usr/bin/cmake -E cmake_link_script CMakeFiles/cmTC_6ddf9.dir/link.txt --verbose=1
/usr/bin/cc   -O2 -g -DNDEBUG   -v -rdynamic CMakeFiles/cmTC_6ddf9.dir/CMakeCCompilerABI.c.o  -o cmTC_6ddf9 
Using built-in specs.
COLLECT_GCC=/usr/bin/cc
COLLECT_LTO_WRAPPER=/usr/lib/gcc/x86_64-linux-gnu/7/lto-wrapper
OFFLOAD_TARGET_NAMES=nvptx-none
OFFLOAD_TARGET_DEFAULT=1
Target: x86_64-linux-gnu
Configured with: ../src/configure -v --with-pkgversion='Ubuntu 7.3.0-27ubuntu1~18.04' --with-bugurl=file:///usr/share/doc/gcc-7/README.Bugs --enable-languages=c,ada,c++,go,brig,d,fortran,objc,obj-c++ --prefix=/usr --with-gcc-major-version-only --program-suffix=-7 --program-prefix=x86_64-linux-gnu- --enable-shared --enable-linker-build-id --libexecdir=/usr/lib --without-included-gettext --enable-threads=posix --libdir=/usr/lib --enable-nls --with-sysroot=/ --enable-clocale=gnu --enable-libstdcxx-debug --enable-libstdcxx-time=yes --with-default-libstdcxx-abi=new --enable-gnu-unique-object --disable-vtable-verify --enable-libmpx --enable-plugin --enable-default-pie --with-system-zlib --with-target-system-zlib --enable-objc-gc=auto --enable-multiarch --disable-werror --with-arch-32=i686 --with-abi=m64 --with-multilib-list=m32,m64,mx32 --enable-multilib --with-tune=generic --enable-offload-targets=nvptx-none --without-cuda-driver --enable-checking=release --build=x86_64-linux-gnu --host=x86_64-linux-gnu --target=x86_64-linux-gnu
Thread model: posix
gcc version 7.3.0 (Ubuntu 7.3.0-27ubuntu1~18.04) 
COMPILER_PATH=/usr/lib/gcc/x86_64-linux-gnu/7/:/usr/lib/gcc/x86_64-linux-gnu/7/:/usr/lib/gcc/x86_64-linux-gnu/:/usr/lib/gcc/x86_64-linux-gnu/7/:/usr/lib/gcc/x86_64-linux-gnu/
LIBRARY_PATH=/usr/lib/gcc/x86_64-linux-gnu/7/:/usr/lib/gcc/x86_64-linux-gnu/7/../../../x86_64-linux-gnu/:/usr/lib/gcc/x86_64-linux-gnu/7/../../../../lib/:/lib/x86_64-linux-gnu/:/lib/../lib/:/usr/lib/x86_64-linux-gnu/:/usr/lib/../lib/:/usr/lib/gcc/x86_64-linux-gnu/7/../../../:/lib/:/usr/lib/
COLLECT_GCC_OPTIONS='-O2' '-g' '-D' 'NDEBUG' '-v' '-rdynamic' '-o' 'cmTC_6ddf9' '-mtune=generic' '-march=x86-64'
 /usr/lib/gcc/x86_64-linux-gnu/7/collect2 -plugin /usr/lib/gcc/x86_64-linux-gnu/7/liblto_plugin.so -plugin-opt=/usr/lib/gcc/x86_64-linux-gnu/7/lto-wrapper -plugin-opt=-fresolution=/tmp/ccRpsXm0.res -plugin-opt=-pass-through=-lgcc -plugin-opt=-pass-through=-lgcc_s -plugin-opt=-pass-through=-lc -plugin-opt=-pass-through=-lgcc -plugin-opt=-pass-through=-lgcc_s --sysroot=/ --build-id --eh-frame-hdr -m elf_x86_64 --hash-style=gnu --as-needed -export-dynamic -dynamic-linker /lib64/ld-linux-x86-64.so.2 -pie -z now -z relro -o cmTC_6ddf9 /usr/lib/gcc/x86_64-linux-gnu/7/../../../x86_64-linux-gnu/Scrt1.o /usr/lib/gcc/x86_64-linux-gnu/7/../../../x86_64-linux-gnu/crti.o /usr/lib/gcc/x86_64-linux-gnu/7/crtbeginS.o -L/usr/lib/gcc/x86_64-linux-gnu/7 -L/usr/lib/gcc/x86_64-linux-gnu/7/../../../x86_64-linux-gnu -L/usr/lib/gcc/x86_64-linux-gnu/7/../../../../lib -L/lib/x86_64-linux-gnu -L/lib/../lib -L/usr/lib/x86_64-linux-gnu -L/usr/lib/../lib -L/usr/lib/gcc/x86_64-linux-gnu/7/../../.. CMakeFiles/cmTC_6ddf9.dir/CMakeCCompilerABI.c.o -lgcc --push-state --as-needed -lgcc_s --pop-state -lc -lgcc --push-state --as-needed -lgcc_s --pop-state /usr/lib/gcc/x86_64-linux-gnu/7/crtendS.o /usr/lib/gcc/x86_64-linux-gnu/7/../../../x86_64-linux-gnu/crtn.o
COLLECT_GCC_OPTIONS='-O2' '-g' '-D' 'NDEBUG' '-v' '-rdynamic' '-o' 'cmTC_6ddf9' '-mtune=generic' '-march=x86-64'
make[1]: Leaving directory '/home/abhi/Multicore/rstm_build/CMakeFiles/CMakeTmp'


Parsed C implicit link information from above output:
  link line regex: [^( *|.*[/\])(ld|CMAKE_LINK_STARTFILE-NOTFOUND|([^/\]+-)?ld|collect2)[^/\]*( |$)]
  ignore line: [Change Dir: /home/abhi/Multicore/rstm_build/CMakeFiles/CMakeTmp]
  ignore line: []
  ignore line: [Run Build Command:"/usr/bin/make" "cmTC_6ddf9/fast"]
  ignore line: [/usr/bin/make -f CMakeFiles/cmTC_6ddf9.dir/build.make CMakeFiles/cmTC_6ddf9.dir/build]
  ignore line: [make[1]: Entering directory '/home/abhi/Multicore/rstm_build/CMakeFiles/CMakeTmp']
  ignore line: [Building C object CMakeFiles/cmTC_6ddf9.dir/CMakeCCompilerABI.c.o]
  ignore line: [/usr/bin/cc   -O2 -g -DNDEBUG   -o CMakeFiles/cmTC_6ddf9.dir/CMakeCCompilerABI.c.o   -c /usr/share/cmake-3.10/Modules/CMakeCCompilerABI.c]
  ignore line: [Linking C executable cmTC_6ddf9]
  ignore line: [/usr/bin/cmake -E cmake_link_script CMakeFiles/cmTC_6ddf9.dir/link.txt --verbose=1]
  ignore line: [/usr/bin/cc   -O2 -g -DNDEBUG   -v -rdynamic CMakeFiles/cmTC_6ddf9.dir/CMakeCCompilerABI.c.o  -o cmTC_6ddf9 ]
  ignore line: [Using built-in specs.]
  ignore line: [COLLECT_GCC=/usr/bin/cc]
  ignore line: [COLLECT_LTO_WRAPPER=/usr/lib/gcc/x86_64-linux-gnu/7/lto-wrapper]
  ignore line: [OFFLOAD_TARGET_NAMES=nvptx-none]
  ignore line: [OFFLOAD_TARGET_DEFAULT=1]
  ignore line: [Target: x86_64-linux-gnu]
  ignore line: [Configured with: ../src/configure -v --with-pkgversion='Ubuntu 7.3.0-27ubuntu1~18.04' --with-bugurl=file:///usr/share/doc/gcc-7/README.Bugs --enable-languages=c,ada,c++,go,brig,d,fortran,objc,obj-c++ --prefix=/usr --with-gcc-major-version-only --program-suffix=-7 --program-prefix=x86_64-linux-gnu- --enable-shared --enable-linker-build-id --libexecdir=/usr/lib --without-included-gettext --enable-threads=posix --libdir=/usr/lib --enable-nls --with-sysroot=/ --enable-clocale=gnu --enable-libstdcxx-debug --enable-libstdcxx-time=yes --with-default-libstdcxx-abi=new --enable-gnu-unique-object --disable-vtable-verify --enable-libmpx --enable-plugin --enable-default-pie --with-system-zlib --with-target-system-zlib --enable-objc-gc=auto --enable-multiarch --disable-werror --with-arch-32=i686 --with-abi=m64 --with-multilib-list=m32,m64,mx32 --enable-multilib --with-tune=generic --enable-offload-targets=nvptx-none --without-cuda-driver --enable-checking=release --build=x86_64-linux-gnu --host=x86_64-linux-gnu --target=x86_64-linux-gnu]
  ignore line: [Thread model: posix]
  ignore line: [gcc version 7.3.0 (Ubuntu 7.3.0-27ubuntu1~18.04) ]
  ignore line: [COMPILER_PATH=/usr/lib/gcc/x86_64-linux-gnu/7/:/usr/lib/gcc/x86_64-linux-gnu/7/:/usr/lib/gcc/x86_64-linux-gnu/:/usr/lib/gcc/x86_64-linux-gnu/7/:/usr/lib/gcc/x86_64-linux-gnu/]
  ignore line: [LIBRARY_PATH=/usr/lib/gcc/x86_64-linux-gnu/7/:/usr/lib/gcc/x86_64-linux-gnu/7/../../../x86_64-linux-gnu/:/usr/lib/gcc/x86_64-linux-gnu/7/../../../../lib/:/lib/x86_64-linux-gnu/:/lib/../lib/:/usr/lib/x86_64-linux-gnu/:/usr/lib/../lib/:/usr/lib/gcc/x86_64-linux-gnu/7/../../../:/lib/:/usr/lib/]
  ignore line: [COLLECT_GCC_OPTIONS='-O2' '-g' '-D' 'NDEBUG' '-v' '-rdynamic' '-o' 'cmTC_6ddf9' '-mtune=generic' '-march=x86-64']
  link line: [ /usr/lib/gcc/x86_64-linux-gnu/7/collect2 -plugin /usr/lib/gcc/x86_64-linux-gnu/7/liblto_plugin.so -plugin-opt=/usr/lib/gcc/x86_64-linux-gnu/7/lto-wrapper -plugin-opt=-fresolution=/tmp/ccRpsXm0.res -plugin-opt=-pass-through=-lgcc -plugin-opt=-pass-through=-lgcc_s -plugin-opt=-pass-through=-lc -plugin-opt=-pass-through=-lgcc -plugin-opt=-pass-through=-lgcc_s --sysroot=/ --build-id --eh-frame-hdr -m elf_x86_64 --hash-style=gnu --as-needed -export-dynamic -dynamic-linker /lib64/ld-linux-x86-64.so.2 -pie -z now -z relro -o cmTC_6ddf9 /usr/lib/gcc/x86_64-linux-gnu/7/../../../x86_64-linux-gnu/Scrt1.o /usr/lib/gcc/x86_64-linux-gnu/7/../../../x86_64-linux-gnu/crti.o /usr/lib/gcc/x86_64-linux-gnu/7/crtbeginS.o -L/usr/lib/gcc/x86_64-linux-gnu/7 -L/usr/lib/gcc/x86_64-linux-gnu/7/../../../x86_64-linux-gnu -L/usr/lib/gcc/x86_64-linux-gnu/7/../../../../lib -L/lib/x86_64-linux-gnu -L/lib/../lib -L/usr/lib/x86_64-linux-gnu -L/usr/lib/../lib -L/usr/lib/gcc/x86_64-linux-gnu/7/../../.. CMakeFiles/cmTC_6ddf9.dir/CMakeCCompilerABI.c.o -lgcc --push-state --as-needed -lgcc_s --pop-state -lc -lgcc --push-state --as-needed -lgcc_s --pop-state /usr/lib/gcc/x86_64-linux-gnu/7/crtendS.o /usr/lib/gcc/x86_64-linux-gnu/7/../../../x86_64-linux-gnu/crtn.o]
    arg [/usr/lib/gcc/x86_64-linux-gnu/7/collect2] ==> ignore
    arg [-plugin] ==> ignore
    arg [/usr/lib/gcc/x86_64-linux-gnu/7/liblto_plugin.so] ==> ignore
    arg [-plugin-opt=/usr/lib/gcc/x86_64-linux-gnu/7/lto-wrapper] ==> ignore
    arg [-plugin-opt=-fresolution=/tmp/ccRpsXm0.res] ==> ignore
    arg [-plugin-opt=-pass-through=-lgcc] ==> ignore
    arg [-plugin-opt=-pass-through=-lgcc_s] ==> ignore
    arg [-plugin-opt=-pass-through=-lc] ==> ignore
    arg [-plugin-opt=-pass-through=-lgcc] ==> ignore
    arg [-plugin-opt=-pass-through=-lgcc_s] ==> ignore
    arg [--sysroot=/] ==> ignore
    arg [--build-id] ==> ignore
    arg [--eh-frame-hdr] ==> ignore
    arg [-m] ==> ignore
    arg [elf_x86_64] ==> ignore
    arg [--hash-style=gnu] ==> ignore
    arg [--as-needed] ==> ignore
    arg [-export-dynamic] ==> ignore
    arg [-dynamic-linker] ==> ignore
    arg [/lib64/ld-linux-x86-64.so.2] ==> ignore
    arg [-pie] ==> ignore
    arg [-znow] ==> ignore
    arg [-zrelro] ==> ignore
    arg [-o] ==> ignore
    arg [cmTC_6ddf9] ==> ignore
    arg [/usr/lib/gcc/x86_64-linux-gnu/7/../../../x86_64-linux-gnu/Scrt1.o] ==> ignore
    arg [/usr/lib/gcc/x86_64-linux-gnu/7/../../../x86_64-linux-gnu/crti.o] ==> ignore
    arg [/usr/lib/gcc/x86_64-linux-gnu/7/crtbeginS.o] ==> ignore
    arg [-L/usr/lib/gcc/x86_64-linux-gnu/7] ==> dir [/usr/lib/gcc/x86_64-linux-gnu/7]
    arg [-L/usr/lib/gcc/x86_64-linux-gnu/7/../../../x86_64-linux-gnu] ==> dir [/usr/lib/gcc/x86_64-linux-gnu/7/../../../x86_64-linux-gnu]
    arg [-L/usr/lib/gcc/x86_64-linux-gnu/7/../../../../lib] ==> dir [/usr/lib/gcc/x86_64-linux-gnu/7/../../../../lib]
    arg [-L/lib/x86_64-linux-gnu] ==> dir [/lib/x86_64-linux-gnu]
    arg [-L/lib/../lib] ==> dir [/lib/../lib]
    arg [-L/usr/lib/x86_64-linux-gnu] ==> dir [/usr/lib/x86_64-linux-gnu]
    arg [-L/usr/lib/../lib] ==> dir [/usr/lib/../lib]
    arg [-L/usr/lib/gcc/x86_64-linux-gnu/7/../../..] ==> dir [/usr/lib/gcc/x86_64-linux-gnu/7/../../..]
    arg [CMakeFiles/cmTC_6ddf9.dir/CMakeCCompilerABI.c.o] ==> ignore
    arg [-lgcc] ==> lib [gcc]
    arg [--push-state] ==> ignore
    arg [--as-needed] ==> ignore
    arg [-lgcc_s] ==> lib [gcc_s]
    arg [--pop-state] ==> ignore
    arg [-lc] ==> lib [c]
    arg [-lgcc] ==> lib [gcc]
    arg [--push-state] ==> ignore
    arg [--as-needed] ==> ignore
    arg [-lgcc_s] ==> lib [gcc_s]
    arg [--pop-state] ==> ignore
    arg [/usr/lib/gcc/x86_64-linux-gnu/7/crtendS.o] ==> ignore
    arg [/usr/lib/gcc/x86_64-linux-gnu/7/../../../x86_64-linux-gnu/crtn.o] ==> ignore
  collapse library dir [/usr/lib/gcc/x86_64-linux-gnu/7] ==> [/usr/lib/gcc/x86_64-linux-gnu/7]
  collapse library dir [/usr/lib/gcc/x86_64-linux-gnu/7/../../../x86_64-linux-gnu] ==> [/usr/lib/x86_64-linux-gnu]
  collapse library dir [/usr/lib/gcc/x86_64-linux-gnu/7/../../../../lib] ==> [/usr/lib]
  collapse library dir [/lib/x86_64-linux-gnu] ==> [/lib/x86_64-linux-gnu]
  collapse library dir [/lib/../lib] ==> [/lib]
  collapse library dir [/usr/lib/x86_64-linux-gnu] ==> [/usr/lib/x86_64-linux-gnu]
  collapse library dir [/usr/lib/../lib] ==> [/usr/lib]
  collapse library dir [/usr/lib/gcc/x86_64-linux-gnu/7/../../..] ==> [/usr/lib]
  implicit libs: [gcc;gcc_s;c;gcc;gcc_s]
  implicit dirs: [/usr/lib/gcc/x86_64-linux-gnu/7;/usr/lib/x86_64-linux-gnu;/usr/lib;/lib/x86_64-linux-gnu;/lib]
  implicit fwks: []




Detecting C [-std=c11] compiler features compiled with the following output:
Change Dir: /home/abhi/Multicore/rstm_build/CMakeFiles/CMakeTmp

Run Build Command:"/usr/bin/make" "cmTC_9b443/fast"
/usr/bin/make -f CMakeFiles/cmTC_9b443.dir/build.make CMakeFiles/cmTC_9b443.dir/build
make[1]: Entering directory '/home/abhi/Multicore/rstm_build/CMakeFiles/CMakeTmp'
Building C object CMakeFiles/cmTC_9b443.dir/feature_tests.c.o
/usr/bin/cc   -O2 -g -DNDEBUG   -std=c11 -o CMakeFiles/cmTC_9b443.dir/feature_tests.c.o   -c /home/abhi/Multicore/rstm_build/CMakeFiles/feature_tests.c
Linking C executable cmTC_9b443
/usr/bin/cmake -E cmake_link_script CMakeFiles/cmTC_9b443.dir/link.txt --verbose=1
/usr/bin/cc   -O2 -g -DNDEBUG    -rdynamic CMakeFiles/cmTC_9b443.dir/feature_tests.c.o  -o cmTC_9b443 
make[1]: Leaving directory '/home/abhi/Multicore/rstm_build/CMakeFiles/CMakeTmp'


    Feature record: C_FEATURE:1c_function_prototypes
    Feature record: C_FEATURE:1c_restrict
    Feature record: C_FEATURE:1c_static_assert
    Feature record: C_FEATURE:1c_variadic_macros


Detecting C [-std=c99] compiler features compiled with the following output:
Change Dir: /home/abhi/Multicore/rstm_build/CMakeFiles/CMakeTmp

Run Build Command:"/usr/bin/make" "cmTC_59079/fast"
/usr/bin/make -f CMakeFiles/cmTC_59079.dir/build.make CMakeFiles/cmTC_59079.dir/build
make[1]: Entering directory '/home/abhi/Multicore/rstm_build/CMakeFiles/CMakeTmp'
Building C object CMakeFiles/cmTC_59079.dir/feature_tests.c.o
/usr/bin/cc   -O2 -g -DNDEBUG   -std=c99 -o CMakeFiles/cmTC_59079.dir/feature_tests.c.o   -c /home/abhi/Multicore/rstm_build/CMakeFiles/feature_tests.c
Linking C executable cmTC_59079
/usr/bin/cmake -E cmake_link_script CMakeFiles/cmTC_59079.dir/link.txt --verbose=1
/usr/bin/cc   -O2 -g -DNDEBUG    -rdynamic CMakeFiles/cmTC_59079.dir/feature_tests.c.o  -o cmTC_59079 
make[1]: Leaving directory '/home/abhi/Multicore/rstm_build/CMakeFiles/CMakeTmp'


    Feature record: C_FEATURE:1c_function_prototypes
    Feature record: C_FEATURE:1c_restrict
    Feature record: C_FEATURE:0c_static_assert
    Feature record: C_FEATURE:1c_variadic_macros


Detecting C [-std=c90] compiler features compiled with the following output:
Change Dir: /home/abhi/Multicore/rstm_build/CMakeFiles/CMakeTmp

Run Build Command:"/usr/bin/make" "cmTC_86b74/fast"
/usr/bin/make -f CMakeFiles/cmTC_86b74.dir/build.make CMakeFiles/cmTC_86b74.dir/build
make[1]: Entering directory '/home/abhi/Multicore/rstm_build/CMakeFiles/CMakeTmp'
Building C object CMakeFiles/cmTC_86b74.dir/feature_tests.c.o
/usr/bin/cc   -O2 -g -DNDEBUG   -std=c90 -o CMakeFiles/cmTC_86b74.dir/feature_tests.c.o   -c /home/abhi/Multicore/rstm_build/CMakeFiles/feature_tests.c
Linking C executable cmTC_86b74
/usr/bin/cmake -E cmake_link_script CMakeFiles/cmTC_86b74.dir/link.txt --verbose=1
/usr/bin/cc   -O2 -g -DNDEBUG    -rdynamic CMakeFiles/cmTC_86b74.dir/feature_tests.c.o  -o cmTC_86b74 
make[1]: Leaving directory '/home/abhi/Multicore/rstm_build/CMakeFiles/CMakeTmp'


    Feature record: C_FEATURE:1c_function_prototypes
    Feature record: C_FEATURE:0c_restrict
    Feature record: C_FEATURE:0c_static_assert
    Feature record: C_FEATURE:0c_variadic_macros
Determining if the CXX compiler works passed with the following output:
Change Dir: /home/abhi/Multicore/rstm_build/CMakeFiles/CMakeTmp

Run Build Command:"/usr/bin/make" "cmTC_816f5/fast"
/usr/bin/make -f CMakeFiles/cmTC_816f5.dir/build.make CMakeFiles/cmTC_816f5.dir/build
make[1]: Entering directory '/home/abhi/Multicore/rstm_build/CMakeFiles/CMakeTmp'
Building CXX object CMakeFiles/cmTC_816f5.dir/testCXXCompiler.cxx.o
/usr/bin/c++    -Wall -msse2 -mfpmath=sse -march=core2 -mtune=core2   -O3 -g   -o CMakeFiles/cmTC_816f5.dir/testCXXCompiler.cxx.o -c /home/abhi/Multicore/rstm_build/CMakeFiles/CMakeTmp/testCXXCompiler.cxx
Linking CXX executable cmTC_816f5
/usr/bin/cmake -E cmake_link_script CMakeFiles/cmTC_816f5.dir/link.txt --verbose=1
/usr/bin/c++   -Wall -msse2 -mfpmath=sse -march=core2 -mtune=core2   -O3 -g    -rdynamic CMakeFiles/cmTC_816f5.dir/testCXXCompiler.cxx.o  -o cmTC_816f5 
make[1]: Leaving directory '/home/abhi/Multicore/rstm_build/CMakeFiles/CMakeTmp'


Detecting CXX compiler ABI info compiled with the following output:
Change Dir: /home/abhi/Multicore/rstm_build/CMakeFiles/CMakeTmp

Run Build Command:"/usr/bin/make" "cmTC_bb559/fast"
/usr/bin/make -f CMakeFiles/cmTC_bb559.dir/build.make CMakeFiles/cmTC_bb559.dir/build
make[1]: Entering directory '/home/abhi/Multicore/rstm_build/CMakeFiles/CMakeTmp'
Building CXX object CMakeFiles/cmTC_bb559.dir/CMakeCXXCompilerABI.cpp.o
/usr/bin/c++    -Wall -msse2 -mfpmath=sse -march=core2 -mtune=core2   -O3 -g   -o CMakeFiles/cmTC_bb559.dir/CMakeCXXCompilerABI.cpp.o -c /usr/share/cmake-3.10/Modules/CMakeCXXCompilerABI.cpp
Linking CXX executable cmTC_bb559
/usr/bin/cmake -E cmake_link_script CMakeFiles/cmTC_bb559.dir/link.txt --verbose=1
/usr/bin/c++   -Wall -msse2 -mfpmath=sse -march=core2 -mtune=core2   -O3 -g   -v -rdynamic CMakeFiles/cmTC_bb559.dir/CMakeCXXCompilerABI.cpp.o  -o cmTC_bb559 
Using built-in specs.
COLLECT_GCC=/usr/bin/c++
COLLECT_LTO_WRAPPER=/usr/lib/gcc/x86_64-linux-gnu/7/lto-wrapper
OFFLOAD_TARGET_NAMES=nvptx-none
OFFLOAD_TARGET_DEFAULT=1
Target: x86_64-linux-gnu
Configured with: ../src/configure -v --with-pkgversion='Ubuntu 7.3.0-27ubuntu1~18.04' --with-bugurl=file:///usr/share/doc/gcc-7/README.Bugs --enable-languages=c,ada,c++,go,brig,d,fortran,objc,obj-c++ --prefix=/usr --with-gcc-major-version-only --program-suffix=-7 --program-prefix=x86_64-linux-gnu- --enable-shared --enable-linker-build-id --libexecdir=/usr/lib --without-included-gettext --enable-threads=posix --libdir=/usr/lib --enable-nls --with-sysroot=/ --enable-clocale=gnu --enable-libstdcxx-debug --enable-libstdcxx-time=yes --with-default-libstdcxx-abi=new --enable-gnu-unique-object --disable-vtable-verify --enable-libmpx --enable-plugin --enable-default-pie --with-system-zlib --with-target-system-zlib --enable-objc-gc=auto --enable-multiarch --disable-werror --with-arch-32=i686 --with-abi=m64 --with-multilib-list=m32,m64,mx32 --enable-multilib --with-tune=generic --enable-offload-targets=nvptx-none --without-cuda-driver --enable-checking=release --build=x86_64-linux-gnu --host=x86_64-linux-gnu --target=x86_64-linux-gnu
Thread model: posix
gcc version 7.3.0 (Ubuntu 7.3.0-27ubuntu1~18.04) 
COMPILER_PATH=/usr/lib/gcc/x86_64-linux-gnu/7/:/usr/lib/gcc/x86_64-linux-gnu/7/:/usr/lib/gcc/x86_64-linux-gnu/:/usr/lib/gcc/x86_64-linux-gnu/7/:/usr/lib/gcc/x86_64-linux-gnu/
LIBRARY_PATH=/usr/lib/gcc/x86_64-linux-gnu/7/:/usr/lib/gcc/x86_64-linux-gnu/7/../../../x86_64-linux-gnu/:/usr/lib/gcc/x86_64-linux-gnu/7/../../../../lib/:/lib/x86_64-linux-gnu/:/lib/../lib/:/usr/lib/x86_64-linux-gnu/:/usr/lib/../lib/:/usr/lib/gcc/x86_64-linux-gnu/7/../../../:/lib/:/usr/lib/
COLLECT_GCC_OPTIONS='-Wall' '-msse2' '-mfpmath=sse' '-march=core2' '-mtune=core2' '-O3' '-g' '-v' '-rdynamic' '-o' 'cmTC_bb559' '-shared-libgcc'
 /usr/lib/gcc/x86_64-linux-gnu/7/collect2 -plugin /usr/lib/gcc/x86_64-linux-gnu/7/liblto_plugin.so -plugin-opt=/usr/lib/gcc/x86_64-linux-gnu/7/lto-wrapper -plugin-opt=-fresolution=/tmp/ccHcXYKt.res -plugin-opt=-pass-through=-lgcc_s -plugin-opt=-pass-through=-lgcc -plugin-opt=-pass-through=-lc -plugin-opt=-pass-through=-lgcc_s -plugin-opt=-pass-through=-lgcc --sysroot=/ --build-id --eh-frame-hdr -m elf_x86_64 --hash-style=gnu --as-needed -export-dynamic -dynamic-linker /lib64/ld-linux-x86-64.so.2 -pie -z now -z relro -o cmTC_bb559 /usr/lib/gcc/x86_64-linux-gnu/7/../../../x86_64-linux-gnu/Scrt1.o /usr/lib/gcc/x86_64-linux-gnu/7/../../../x86_64-linux-gnu/crti.o /usr/lib/gcc/x86_64-linux-gnu/7/crtbeginS.o -L/usr/lib/gcc/x86_64-linux-gnu/7 -L/usr/lib/gcc/x86_64-linux-gnu/7/../../../x86_64-linux-gnu -L/usr/lib/gcc/x86_64-linux-gnu/7/../../../../lib -L/lib/x86_64-linux-gnu -L/lib/../lib -L/usr/lib/x86_64-linux-gnu -L/usr/lib/../lib -L/usr/lib/gcc/x86_64-linux-gnu/7/../../.. CMakeFiles/cmTC_bb559.dir/CMakeCXXCompilerABI.cpp.o -lstdc++ -lm -lgcc_s -lgcc -lc -lgcc_s -lgcc /usr/lib/gcc/x86_64-linux-gnu/7/crtendS.o /usr/lib/gcc/x86_64-linux-gnu/7/../../../x86_64-linux-gnu/crtn.o
COLLECT_GCC_OPTIONS='-Wall' '-msse2' '-mfpmath=sse' '-march=core2' '-mtune=core2' '-O3' '-g' '-v' '-rdynamic' '-o' 'cmTC_bb559' '-shared-libgcc'
make[1]: Leaving directory '/home/abhi/Multicore/rstm_build/CMakeFiles/CMakeTmp'


Parsed CXX implicit link information from above output:
  link line regex: [^( *|.*[/\])(ld|CMAKE_LINK_STARTFILE-NOTFOUND|([^/\]+-)?ld|collect2)[^/\]*( |$)]
  ignore line: [Change Dir: /home/abhi/Multicore/rstm_build/CMakeFiles/CMakeTmp]
  ignore line: []
  ignore line: [Run Build Command:"/usr/bin/make" "cmTC_bb559/fast"]
  ignore line: [/usr/bin/make -f CMakeFiles/cmTC_bb559.dir/build.make CMakeFiles/cmTC_bb559.dir/build]
  ignore line: [make[1]: Entering directory '/home/abhi/Multicore/rstm_build/CMakeFiles/CMakeTmp']
  ignore line: [Building CXX object CMakeFiles/cmTC_bb559.dir/CMakeCXXCompilerABI.cpp.o]
  ignore line: [/usr/bin/c++    -Wall -msse2 -mfpmath=sse -march=core2 -mtune=core2   -O3 -g   -o CMakeFiles/cmTC_bb559.dir/CMakeCXXCompilerABI.cpp.o -c /usr/share/cmake-3.10/Modules/CMakeCXXCompilerABI.cpp]
  ignore line: [Linking CXX executable cmTC_bb559]
  ignore line: [/usr/bin/cmake -E cmake_link_script CMakeFiles/cmTC_bb559.dir/link.txt --verbose=1]
  ignore line: [/usr/bin/c++   -Wall -msse2 -mfpmath=sse -march=core2 -mtune=core2   -O3 -g   -v -rdynamic CMakeFiles/cmTC_bb559.dir/CMakeCXXCompilerABI.cpp.o  -o cmTC_bb559 ]
  ignore line: [Using built-in specs.]
  ignore line: [COLLECT_GCC=/usr/bin/c++]
  ignore line: [COLLECT_LTO_WRAPPER=/usr/lib/gcc/x86_64-linux-gnu/7/lto-wrapper]
  ignore line: [OFFLOAD_TARGET_NAMES=nvptx-none]
  ignore line: [OFFLOAD_TARGET_DEFAULT=1]
  ignore line: [Target: x86_64-linux-gnu]
  ignore line: [Configured with: ../src/configure -v --with-pkgversion='Ubuntu 7.3.0-27ubuntu1~18.04' --with-bugurl=file:///usr/share/doc/gcc-7/README.Bugs --enable-languages=c,ada,c++,go,brig,d,fortran,objc,obj-c++ --prefix=/usr --with-gcc-major-version-only --program-suffix=-7 --program-prefix=x86_64-linux-gnu- --enable-shared --enable-linker-build-id --libexecdir=/usr/lib --without-included-gettext --enable-threads=posix --libdir=/usr/lib --enable-nls --with-sysroot=/ --enable-clocale=gnu --enable-libstdcxx-debug --enable-libstdcxx-time=yes --with-default-libstdcxx-abi=new --enable-gnu-unique-object --disable-vtable-verify --enable-libmpx --enable-plugin --enable-default-pie --with-system-zlib --with-target-system-zlib --enable-objc-gc=auto --enable-multiarch --disable-werror --with-arch-32=i686 --with-abi=m64 --with-multilib-list=m32,m64,mx32 --enable-multilib --with-tune=generic --enable-offload-targets=nvptx-none --without-cuda-driver --enable-checking=release --build=x86_64-linux-gnu --host=x86_64-linux-gnu --target=x86_64-linux-gnu]
  ignore line: [Thread model: posix]
  ignore line: [gcc version 7.3.0 (Ubuntu 7.3.0-27ubuntu1~18.04) ]
  ignore line: [COMPILER_PATH=/usr/lib/gcc/x86_64-linux-gnu/7/:/usr/lib/gcc/x86_64-linux-gnu/7/:/usr/lib/gcc/x86_64-linux-gnu/:/usr/lib/gcc/x86_64-linux-gnu/7/:/usr/lib/gcc/x86_64-linux-gnu/]
  ignore line: [LIBRARY_PATH=/usr/lib/gcc/x86_64-linux-gnu/7/:/usr/lib/gcc/x86_64-linux-gnu/7/../../../x86_64-linux-gnu/:/usr/lib/gcc/x86_64-linux-gnu/7/../../../../lib/:/lib/x86_64-linux-gnu/:/lib/../lib/:/usr/lib/x86_64-linux-gnu/:/usr/lib/../lib/:/usr/lib/gcc/x86_64-linux-gnu/7/../../../:/lib/:/usr/lib/]
  ignore line: [COLLECT_GCC_OPTIONS='-Wall' '-msse2' '-mfpmath=sse' '-march=core2' '-mtune=core2' '-O3' '-g' '-v' '-rdynamic' '-o' 'cmTC_bb559' '-shared-libgcc']
  link line: [ /usr/lib/gcc/x86_64-linux-gnu/7/collect2 -plugin /usr/lib/gcc/x86_64-linux-gnu/7/liblto_plugin.so -plugin-opt=/usr/lib/gcc/x86_64-linux-gnu/7/lto-wrapper -plugin-opt=-fresolution=/tmp/ccHcXYKt.res -plugin-opt=-pass-through=-lgcc_s -plugin-opt=-pass-through=-lgcc -plugin-opt=-pass-through=-lc -plugin-opt=-pass-through=-lgcc_s -plugin-opt=-pass-through=-lgcc --sysroot=/ --build-id --eh-frame-hdr -m elf_x86_64 --hash-style=gnu --as-needed -export-dynamic -dynamic-linker /lib64/ld-linux-x86-64.so.2 -pie -z now -z relro -o cmTC_bb559 /usr/lib/gcc/x86_64-linux-gnu/7/../../../x86_64-linux-gnu/Scrt1.o /usr/lib/gcc/x86_64-linux-gnu/7/../../../x86_64-linux-gnu/crti.o /usr/lib/gcc/x86_64-linux-gnu/7/crtbeginS.o -L/usr/lib/gcc/x86_64-linux-gnu/7 -L/usr/lib/gcc/x86_64-linux-gnu/7/../../../x86_64-linux-gnu -L/usr/lib/gcc/x86_64-linux-gnu/7/../../../../lib -L/lib/x86_64-linux-gnu -L/lib/../lib -L/usr/lib/x86_64-linux-gnu -L/usr/lib/../lib -L/usr/lib/gcc/x86_64-linux-gnu/7/../../.. CMakeFiles/cmTC_bb559.dir/CMakeCXXCompilerABI.cpp.o -lstdc++ -lm -lgcc_s -lgcc -lc -lgcc_s -lgcc /usr/lib/gcc/x86_64-linux-gnu/7/crtendS.o /usr/lib/gcc/x86_64-linux-gnu/7/../../../x86_64-linux-gnu/crtn.o]
    arg [/usr/lib/gcc/x86_64-linux-gnu/7/collect2] ==> ignore
    arg [-plugin] ==> ignore
    arg [/usr/lib/gcc/x86_64-linux-gnu/7/liblto_plugin.so] ==> ignore
    arg [-plugin-opt=/usr/lib/gcc/x86_64-linux-gnu/7/lto-wrapper] ==> ignore
    arg [-plugin-opt=-fresolution=/tmp/ccHcXYKt.res] ==> ignore
    arg [-plugin-opt=-pass-through=-lgcc_s] ==> ignore
    arg [-plugin-opt=-pass-through=-lgcc] ==> ignore
    arg [-plugin-opt=-pass-through=-lc] ==> ignore
    arg [-plugin-opt=-pass-through=-lgcc_s] ==> ignore
    arg [-plugin-opt=-pass-through=-lgcc] ==> ignore
    arg [--sysroot=/] ==> ignore
    arg [--build-id] ==> ignore
    arg [--eh-frame-hdr] ==> ignore
    arg [-m] ==> ignore
    arg [elf_x86_64] ==> ignore
    arg [--hash-style=gnu] ==> ignore
    arg [--as-needed] ==> ignore
    arg [-export-dynamic] ==> ignore
    arg [-dynamic-linker] ==> ignore
    arg [/lib64/ld-linux-x86-64.so.2] ==> ignore
    arg [-pie] ==> ignore
    arg [-znow] ==> ignore
    arg [-zrelro] ==> ignore
    arg [-o] ==> ignore
    arg [cmTC_bb559] ==> ignore
    arg [/usr/lib/gcc/x86_64-linux-gnu/7/../../../x86_64-linux-gnu/Scrt1.o] ==> ignore
    arg [/usr/lib/gcc/x86_64-linux-gnu/7/../../../x86_64-linux-gnu/crti.o] ==> ignore
    arg [/usr/lib/gcc/x86_64-linux-gnu/7/crtbeginS.o] ==> ignore
    arg [-L/usr/lib/gcc/x86_64-linux-gnu/7] ==> dir [/usr/lib/gcc/x86_64-linux-gnu/7]
    arg [-L/usr/lib/gcc/x86_64-linux-gnu/7/../../../x86_64-linux-gnu] ==> dir [/usr/lib/gcc/x86_64-linux-gnu/7/../../../x86_64-linux-gnu]
    arg [-L/usr/lib/gcc/x86_64-linux-gnu/7/../../../../lib] ==> dir [/usr/lib/gcc/x86_64-linux-gnu/7/../../../../lib]
    arg [-L/lib/x86_64-linux-gnu] ==> dir [/lib/x86_64-linux-gnu]
    arg [-L/lib/../lib] ==> dir [/lib/../lib]
    arg [-L/usr/lib/x86_64-linux-gnu] ==> dir [/usr/lib/x86_64-linux-gnu]
    arg [-L/usr/lib/../lib] ==> dir [/usr/lib/../lib]
    arg [-L/usr/lib/gcc/x86_64-linux-gnu/7/../../..] ==> dir [/usr/lib/gcc/x86_64-linux-gnu/7/../../..]
    arg [CMakeFiles/cmTC_bb559.dir/CMakeCXXCompilerABI.cpp.o] ==> ignore
    arg [-lstdc++] ==> lib [stdc++]
    arg [-lm] ==> lib [m]
    arg [-lgcc_s] ==> lib [gcc_s]
    arg [-lgcc] ==> lib [gcc]
    arg [-lc] ==> lib [c]
    arg [-lgcc_s] ==> lib [gcc_s]
    arg [-lgcc] ==> lib [gcc]
    arg [/usr/lib/gcc/x86_64-linux-gnu/7/crtendS.o] ==> ignore
    arg [/usr/lib/gcc/x86_64-linux-gnu/7/../../../x86_64-linux-gnu/crtn.o] ==> ignore
  collapse library dir [/usr/lib/gcc/x86_64-linux-gnu/7] ==> [/usr/lib/gcc/x86_64-linux-gnu/7]
  collapse library dir [/usr/lib/gcc/x86_64-linux-gnu/7/../../../x86_64-linux-gnu] ==> [/usr/lib/x86_64-linux-gnu]
  collapse library dir [/usr/lib/gcc/x86_64-linux-gnu/7/../../../../lib] ==> [/usr/lib]
  collapse library dir [/lib/x86_64-linux-gnu] ==> [/lib/x86_64-linux-gnu]
  collapse library dir [/lib/../lib] ==> [/lib]
  collapse library dir [/usr/lib/x86_64-linux-gnu] ==> [/usr/lib/x86_64-linux-gnu]
  collapse library dir [/usr/lib/../lib] ==> [/usr/lib]
  collapse library dir [/usr/lib/gcc/x86_64-linux-gnu/7/../../..] ==> [/usr/lib]
  implicit libs: [stdc++;m;gcc_s;gcc;c;gcc_s;gcc]
  implicit dirs: [/usr/lib/gcc/x86_64-linux-gnu/7;/usr/lib/x86_64-linux-gnu;/usr/lib;/lib/x86_64-linux-gnu;/lib]
  implicit fwks: []




Detecting CXX [-std=c++1z] compiler features compiled with the following output:
Change Dir: /home/abhi/Multicore/rstm_build/CMakeFiles/CMakeTmp

Run Build Command:"/usr/bin/make" "cmTC_deff8/fast"
/usr/bin/make -f CMakeFiles/cmTC_deff8.dir/build.make CMakeFiles/cmTC_deff8.dir/build
make[1]: Entering directory '/home/abhi/Multicore/rstm_build/CMakeFiles/CMakeTmp'
Building CXX object CMakeFiles/cmTC_deff8.dir/feature_tests.cxx.o
/usr/bin/c++    -Wall -msse2 -mfpmath=sse -march=core2 -mtune=core2   -O3 -g   -std=c++1z -o CMakeFiles/cmTC_deff8.dir/feature_tests.cxx.o -c /home/abhi/Multicore/rstm_build/CMakeFiles/feature_tests.cxx
Linking CXX executable cmTC_deff8
/usr/bin/cmake -E cmake_link_script CMakeFiles/cmTC_deff8.dir/link.txt --verbose=1
/usr/bin/c++   -Wall -msse2 -mfpmath=sse -march=core2 -mtune=core2   -O3 -g    -rdynamic CMakeFiles/cmTC_deff8.dir/feature_tests.cxx.o  -o cmTC_deff8 
make[1]: Leaving directory '/home/abhi/Multicore/rstm_build/CMakeFiles/CMakeTmp'


    Feature record: CXX_FEATURE:1cxx_aggregate_default_initializers
    Feature record: CXX_FEATURE:1cxx_alias_templates
    Feature record: CXX_FEATURE:1cxx_alignas
    Feature record: CXX_FEATURE:1cxx_alignof
    Feature record: CXX_FEATURE:1cxx_attributes
    Feature record: CXX_FEATURE:1cxx_attribute_deprecated
    Feature record: CXX_FEATURE:1cxx_auto_type
    Feature record: CXX_FEATURE:1cxx_binary_literals
    Feature record: CXX_FEATURE:1cxx_constexpr
    Feature record: CXX_FEATURE:1cxx_contextual_conversions
    Feature record: CXX_FEATURE:1cxx_decltype
    Feature record: CXX_FEATURE:1cxx_decltype_auto
    Feature record: CXX_FEATURE:1cxx_decltype_incomplete_return_types
    Feature record: CXX_FEATURE:1cxx_default_function_template_args
    Feature record: CXX_FEATURE:1cxx_defaulted_functions
    Feature record: CXX_FEATURE:1cxx_defaulted_move_initializers
    Feature record: CXX_FEATURE:1cxx_delegating_constructors
    Feature record: CXX_FEATURE:1cxx_deleted_functions
    Feature record: CXX_FEATURE:1cxx_digit_separators
    Feature record: CXX_FEATURE:1cxx_enum_forward_declarations
    Feature record: CXX_FEATURE:1cxx_explicit_conversions
    Feature record: CXX_FEATURE:1cxx_extended_friend_declarations
    Feature record: CXX_FEATURE:1cxx_extern_templates
    Feature record: CXX_FEATURE:1cxx_final
    Feature record: CXX_FEATURE:1cxx_func_identifier
    Feature record: CXX_FEATURE:1cxx_generalized_initializers
    Feature record: CXX_FEATURE:1cxx_generic_lambdas
    Feature record: CXX_FEATURE:1cxx_inheriting_constructors
    Feature record: CXX_FEATURE:1cxx_inline_namespaces
    Feature record: CXX_FEATURE:1cxx_lambdas
    Feature record: CXX_FEATURE:1cxx_lambda_init_captures
    Feature record: CXX_FEATURE:1cxx_local_type_template_args
    Feature record: CXX_FEATURE:1cxx_long_long_type
    Feature record: CXX_FEATURE:1cxx_noexcept
    Feature record: CXX_FEATURE:1cxx_nonstatic_member_init
    Feature record: CXX_FEATURE:1cxx_nullptr
    Feature record: CXX_FEATURE:1cxx_override
    Feature record: CXX_FEATURE:1cxx_range_for
    Feature record: CXX_FEATURE:1cxx_raw_string_literals
    Feature record: CXX_FEATURE:1cxx_reference_qualified_functions
    Feature record: CXX_FEATURE:1cxx_relaxed_constexpr
    Feature record: CXX_FEATURE:1cxx_return_type_deduction
    Feature record: CXX_FEATURE:1cxx_right_angle_brackets
    Feature record: CXX_FEATURE:1cxx_rvalue_references
    Feature record: CXX_FEATURE:1cxx_sizeof_member
    Feature record: CXX_FEATURE:1cxx_static_assert
    Feature record: CXX_FEATURE:1cxx_strong_enums
    Feature record: CXX_FEATURE:1cxx_template_template_parameters
    Feature record: CXX_FEATURE:1cxx_thread_local
    Feature record: CXX_FEATURE:1cxx_trailing_return_types
    Feature record: CXX_FEATURE:1cxx_unicode_literals
    Feature record: CXX_FEATURE:1cxx_uniform_initialization
    Feature record: CXX_FEATURE:1cxx_unrestricted_unions
    Feature record: CXX_FEATURE:1cxx_user_literals
    Feature record: CXX_FEATURE:1cxx_variable_templates
    Feature record: CXX_FEATURE:1cxx_variadic_macros
    Feature record: CXX_FEATURE:1cxx_variadic_templates


Detecting CXX [-std=c++14] compiler features compiled with the following output:
Change Dir: /home/abhi/Multicore/rstm_build/CMakeFiles/CMakeTmp

Run Build Command:"/usr/bin/make" "cmTC_9e38f/fast"
/usr/bin/make -f CMakeFiles/cmTC_9e38f.dir/build.make CMakeFiles/cmTC_9e38f.dir/build
make[1]: Entering directory '/home/abhi/Multicore/rstm_build/CMakeFiles/CMakeTmp'
Building CXX object CMakeFiles/cmTC_9e38f.dir/feature_tests.cxx.o
/usr/bin/c++    -Wall -msse2 -mfpmath=sse -march=core2 -mtune=core2   -O3 -g   -std=c++14 -o CMakeFiles/cmTC_9e38f.dir/feature_tests.cxx.o -c /home/abhi/Multicore/rstm_build/CMakeFiles/feature_tests.cxx
Linking CXX executable cmTC_9e38f
/usr/bin/cmake -E cmake_link_script CMakeFiles/cmTC_9e38f.dir/link.txt --verbose=1
/usr/bin/c++   -Wall -msse2 -mfpmath=sse -march=core2 -mtune=core2   -O3 -g    -rdynamic CMakeFiles/cmTC_9e38f.dir/feature_tests.cxx.o  -o cmTC_9e38f 
make[1]: Leaving directory '/home/abhi/Multicore/rstm_build/CMakeFiles/CMakeTmp'


    Feature record: CXX_FEATURE:1cxx_aggregate_default_initializers
    Feature record: CXX_FEATURE:1cxx_alias_templates
    Feature record: CXX_FEATURE:1cxx_alignas
    Feature record: CXX_FEATURE:1cxx_alignof
    Feature record: CXX_FEATURE:1cxx_attributes
    Feature record: CXX_FEATURE:1cxx_attribute_deprecated
    Feature record: CXX_FEATURE:1cxx_auto_type
    Feature record: CXX_FEATURE:1cxx_binary_literals
    Feature record: CXX_FEATURE:1cxx_constexpr
    Feature record: CXX_FEATURE:1cxx_contextual_conversions
    Feature record: CXX_FEATURE:1cxx_decltype
    Feature record: CXX_FEATURE:1cxx_decltype_auto
    Feature record: CXX_FEATURE:1cxx_decltype_incomplete_return_types
    Feature record: CXX_FEATURE:1cxx_default_function_template_args
    Feature record: CXX_FEATURE:1cxx_defaulted_functions
    Feature record: CXX_FEATURE:1cxx_defaulted_move_initializers
    Feature record: CXX_FEATURE:1cxx_delegating_constructors
    Feature record: CXX_FEATURE:1cxx_deleted_functions
    Feature record: CXX_FEATURE:1cxx_digit_separators
    Feature record: CXX_FEATURE:1cxx_enum_forward_declarations
    Feature record: CXX_FEATURE:1cxx_explicit_conversions
    Feature record: CXX_FEATURE:1cxx_extended_friend_declarations
    Feature record: CXX_FEATURE:1cxx_extern_templates
    Feature record: CXX_FEATURE:1cxx_final
    Feature record: CXX_FEATURE:1cxx_func_identifier
    Feature record: CXX_FEATURE:1cxx_generalized_initializers
    Feature record: CXX_FEATURE:1cxx_generic_lambdas
    Feature record: CXX_FEATURE:1cxx_inheriting_constructors
    Feature record: CXX_FEATURE:1cxx_inline_namespaces
    Feature record: CXX_FEATURE:1cxx_lambdas
    Feature record: CXX_FEATURE:1cxx_lambda_init_captures
    Feature record: CXX_FEATURE:1cxx_local_type_template_args
    Feature record: CXX_FEATURE:1cxx_long_long_type
    Feature record: CXX_FEATURE:1cxx_noexcept
    Feature record: CXX_FEATURE:1cxx_nonstatic_member_init
    Feature record: CXX_FEATURE:1cxx_nullptr
    Feature record: CXX_FEATURE:1cxx_override
    Feature record: CXX_FEATURE:1cxx_range_for
    Feature record: CXX_FEATURE:1cxx_raw_string_literals
    Feature record: CXX_FEATURE:1cxx_reference_qualified_functions
    Feature record: CXX_FEATURE:1cxx_relaxed_constexpr
    Feature record: CXX_FEATURE:1cxx_return_type_deduction
    Feature record: CXX_FEATURE:1cxx_right_angle_brackets
    Feature record: CXX_FEATURE:1cxx_rvalue_references
    Feature record: CXX_FEATURE:1cxx_sizeof_member
    Feature record: CXX_FEATURE:1cxx_static_assert
    Feature record: CXX_FEATURE:1cxx_strong_enums
    Feature record: CXX_FEATURE:1cxx_template_template_parameters
    Feature record: CXX_FEATURE:1cxx_thread_local
    Feature record: CXX_FEATURE:1cxx_trailing_return_types
    Feature record: CXX_FEATURE:1cxx_unicode_literals
    Feature record: CXX_FEATURE:1cxx_uniform_initialization
    Feature record: CXX_FEATURE:1cxx_unrestricted_unions
    Feature record: CXX_FEATURE:1cxx_user_literals
    Feature record: CXX_FEATURE:1cxx_variable_templates
    Feature record: CXX_FEATURE:1cxx_variadic_macros
    Feature record: CXX_FEATURE:1cxx_variadic_templates


Detecting CXX [-std=c++11] compiler features compiled with the following output:
Change Dir: /home/abhi/Multicore/rstm_build/CMakeFiles/CMakeTmp

Run Build Command:"/usr/bin/make" "cmTC_bc62c/fast"
/usr/bin/make -f CMakeFiles/cmTC_bc62c.dir/build.make CMakeFiles/cmTC_bc62c.dir/build
make[1]: Entering directory '/home/abhi/Multicore/rstm_build/CMakeFiles/CMakeTmp'
Building CXX object CMakeFiles/cmTC_bc62c.dir/feature_tests.cxx.o
/usr/bin/c++    -Wall -msse2 -mfpmath=sse -march=core2 -mtune=core2   -O3 -g   -std=c++11 -o CMakeFiles/cmTC_bc62c.dir/feature_tests.cxx.o -c /home/abhi/Multicore/rstm_build/CMakeFiles/feature_tests.cxx
Linking CXX executable cmTC_bc62c
/usr/bin/cmake -E cmake_link_script CMakeFiles/cmTC_bc62c.dir/link.txt --verbose=1
/usr/bin/c++   -Wall -msse2 -mfpmath=sse -march=core2 -mtune=core2   -O3 -g    -rdynamic CMakeFiles/cmTC_bc62c.dir/feature_tests.cxx.o  -o cmTC_bc62c 
make[1]: Leaving directory '/home/abhi/Multicore/rstm_build/CMakeFiles/CMakeTmp'


    Feature record: CXX_FEATURE:0cxx_aggregate_default_initializers
    Feature record: CXX_FEATURE:1cxx_alias_templates
    Feature record: CXX_FEATURE:1cxx_alignas
    Feature record: CXX_FEATURE:1cxx_alignof
    Feature record: CXX_FEATURE:1cxx_attributes
    Feature record: CXX_FEATURE:0cxx_attribute_deprecated
    Feature record: CXX_FEATURE:1cxx_auto_type
    Feature record: CXX_FEATURE:0cxx_binary_literals
    Feature record: CXX_FEATURE:1cxx_constexpr
    Feature record: CXX_FEATURE:0cxx_contextual_conversions
    Feature record: CXX_FEATURE:1cxx_decltype
    Feature record: CXX_FEATURE:0cxx_decltype_auto
    Feature record: CXX_FEATURE:1cxx_decltype_incomplete_return_types
    Feature record: CXX_FEATURE:1cxx_default_function_template_args
    Feature record: CXX_FEATURE:1cxx_defaulted_functions
    Feature record: CXX_FEATURE:1cxx_defaulted_move_initializers
    Feature record: CXX_FEATURE:1cxx_delegating_constructors
    Feature record: CXX_FEATURE:1cxx_deleted_functions
    Feature record: CXX_FEATURE:0cxx_digit_separators
    Feature record: CXX_FEATURE:1cxx_enum_forward_declarations
    Feature record: CXX_FEATURE:1cxx_explicit_conversions
    Feature record: CXX_FEATURE:1cxx_extended_friend_declarations
    Feature record: CXX_FEATURE:1cxx_extern_templates
    Feature record: CXX_FEATURE:1cxx_final
    Feature record: CXX_FEATURE:1cxx_func_identifier
    Feature record: CXX_FEATURE:1cxx_generalized_initializers
    Feature record: CXX_FEATURE:0cxx_generic_lambdas
    Feature record: CXX_FEATURE:1cxx_inheriting_constructors
    Feature record: CXX_FEATURE:1cxx_inline_namespaces
    Feature record: CXX_FEATURE:1cxx_lambdas
    Feature record: CXX_FEATURE:0cxx_lambda_init_captures
    Feature record: CXX_FEATURE:1cxx_local_type_template_args
    Feature record: CXX_FEATURE:1cxx_long_long_type
    Feature record: CXX_FEATURE:1cxx_noexcept
    Feature record: CXX_FEATURE:1cxx_nonstatic_member_init
    Feature record: CXX_FEATURE:1cxx_nullptr
    Feature record: CXX_FEATURE:1cxx_override
    Feature record: CXX_FEATURE:1cxx_range_for
    Feature record: CXX_FEATURE:1cxx_raw_string_literals
    Feature record: CXX_FEATURE:1cxx_reference_qualified_functions
    Feature record: CXX_FEATURE:0cxx_relaxed_constexpr
    Feature record: CXX_FEATURE:0cxx_return_type_deduction
    Feature record: CXX_FEATURE:1cxx_right_angle_brackets
    Feature record: CXX_FEATURE:1cxx_rvalue_references
    Feature record: CXX_FEATURE:1cxx_sizeof_member
    Feature record: CXX_FEATURE:1cxx_static_assert
    Feature record: CXX_FEATURE:1cxx_strong_enums
    Feature record: CXX_FEATURE:1cxx_template_template_parameters
    Feature record: CXX_FEATURE:1cxx_thread_local
    Feature record: CXX_FEATURE:1cxx_trailing_return_types
    Feature record: CXX_FEATURE:1cxx_unicode_literals
    Feature record: CXX_FEATURE:1cxx_uniform_initialization
    Feature record: CXX_FEATURE:1cxx_unrestricted_unions
    Feature record: CXX_FEATURE:1cxx_user_literals
    Feature record: CXX_FEATURE:0cxx_variable_templates
    Feature record: CXX_FEATURE:1cxx_variadic_macros
    Feature record: CXX_FEATURE:1cxx_variadic_templates


Detecting CXX [-std=c++98] compiler features compiled with the following output:
Change Dir: /home/abhi/Multicore/rstm_build/CMakeFiles/CMakeTmp

Run Build Command:"/usr/bin/make" "cmTC_d3bbe/fast"
/usr/bin/make -f CMakeFiles/cmTC_d3bbe.dir/build.make CMakeFiles/cmTC_d3bbe.dir/build
make[1]: Entering directory '/home/abhi/Multicore/rstm_build/CMakeFiles/CMakeTmp'
Building CXX object CMakeFiles/cmTC_d3bbe.dir/feature_tests.cxx.o
/usr/bin/c++    -Wall -msse2 -mfpmath=sse -march=core2 -mtune=core2   -O3 -g   -std=c++98 -o CMakeFiles/cmTC_d3bbe.dir/feature_tests.cxx.o -c /home/abhi/Multicore/rstm_build/CMakeFiles/feature_tests.cxx
Linking CXX executable cmTC_d3bbe
/usr/bin/cmake -E cmake_link_script CMakeFiles/cmTC_d3bbe.dir/link.txt --verbose=1
/usr/bin/c++   -Wall -msse2 -mfpmath=sse -march=core2 -mtune=core2   -O3 -g    -rdynamic CMakeFiles/cmTC_d3bbe.dir/feature_tests.cxx.o  -o cmTC_d3bbe 
make[1]: Leaving directory '/home/abhi/Multicore/rstm_build/CMakeFiles/CMakeTmp'


    Feature record: CXX_FEATURE:0cxx_aggregate_default_initializers
    Feature record: CXX_FEATURE:0cxx_alias_templates
    Feature record: CXX_FEATURE:0cxx_alignas
    Feature record: CXX_FEATURE:0cxx_alignof
    Feature record: CXX_FEATURE:0cxx_attributes
    Feature record: CXX_FEATURE:0cxx_attribute_deprecated
    Feature record: CXX_FEATURE:0cxx_auto_type
    Feature record: CXX_FEATURE:0cxx_binary_literals
    Feature record: CXX_FEATURE:0cxx_constexpr
    Feature record: CXX_FEATURE:0cxx_contextual_conversions
    Feature record: CXX_FEATURE:0cxx_decltype
    Feature record: CXX_FEATURE:0cxx_decltype_auto
    Feature record: CXX_FEATURE:0cxx_decltype_incomplete_return_types
    Feature record: CXX_FEATURE:0cxx_default_function_template_args
    Feature record: CXX_FEATURE:0cxx_defaulted_functions
    Feature record: CXX_FEATURE:0cxx_defaulted_move_initializers
    Feature record: CXX_FEATURE:0cxx_delegating_constructors
    Feature record: CXX_FEATURE:0cxx_deleted_functions
    Feature record: CXX_FEATURE:0cxx_digit_separators
    Feature record: CXX_FEATURE:0cxx_enum_forward_declarations
    Feature record: CXX_FEATURE:0cxx_explicit_conversions
    Feature record: CXX_FEATURE:0cxx_extended_friend_declarations
    Feature record: CXX_FEATURE:0cxx_extern_templates
    Feature record: CXX_FEATURE:0cxx_final
    Feature record: CXX_FEATURE:0cxx_func_identifier
    Feature record: CXX_FEATURE:0cxx_generalized_initializers
    Feature record: CXX_FEATURE:0cxx_generic_lambdas
    Feature record: CXX_FEATURE:0cxx_inheriting_constructors
    Feature record: CXX_FEATURE:0cxx_inline_namespaces
    Feature record: CXX_FEATURE:0cxx_lambdas
    Feature record: CXX_FEATURE:0cxx_lambda_init_captures
    Feature record: CXX_FEATURE:0cxx_local_type_template_args
    Feature record: CXX_FEATURE:0cxx_long_long_type
    Feature record: CXX_FEATURE:0cxx_noexcept
    Feature record: CXX_FEATURE:0cxx_nonstatic_member_init
    Feature record: CXX_FEATURE:0cxx_nullptr
    Feature record: CXX_FEATURE:0cxx_override
    Feature record: CXX_FEATURE:0cxx_range_for
    Feature record: CXX_FEATURE:0cxx_raw_string_literals
    Feature record: CXX_FEATURE:0cxx_reference_qualified_functions
    Feature record: CXX_FEATURE:0cxx_relaxed_constexpr
    Feature record: CXX_FEATURE:0cxx_return_type_deduction
    Feature record: CXX_FEATURE:0cxx_right_angle_brackets
    Feature record: CXX_FEATURE:0cxx_rvalue_references
    Feature record: CXX_FEATURE:0cxx_sizeof_member
    Feature record: CXX_FEATURE:0cxx_static_assert
    Feature record: CXX_FEATURE:0cxx_strong_enums
    Feature record: CXX_FEATURE:1cxx_template_template_parameters
    Feature record: CXX_FEATURE:0cxx_thread_local
    Feature record: CXX_FEATURE:0cxx_trailing_return_types
    Feature record: CXX_FEATURE:0cxx_unicode_literals
    Feature record: CXX_FEATURE:0cxx_uniform_initialization
    Feature record: CXX_FEATURE:0cxx_unrestricted_unions
    Feature record: CXX_FEATURE:0cxx_user_literals
    Feature record: CXX_FEATURE:0cxx_variable_templates
    Feature record: CXX_FEATURE:0cxx_variadic_macros
    Feature record: CXX_FEATURE:0cxx_variadic_templates
Determining if the include file pthread.h exists passed with the following output:
Change Dir: /home/abhi/Multicore/rstm_build/CMakeFiles/CMakeTmp

Run Build Command:"/usr/bin/make" "cmTC_25b56/fast"
/usr/bin/make -f CMakeFiles/cmTC_25b56.dir/build.make CMakeFiles/cmTC_25b56.dir/build
make[1]: Entering directory '/home/abhi/Multicore/rstm_build/CMakeFiles/CMakeTmp'
Building C object CMakeFiles/cmTC_25b56.dir/CheckIncludeFile.c.o
/usr/bin/cc   -O2 -g -DNDEBUG   -o CMakeFiles/cmTC_25b56.dir/CheckIncludeFile.c.o   -c /home/abhi/Multicore/rstm_build/CMakeFiles/CMakeTmp/CheckIncludeFile.c
Linking C executable cmTC_25b56
/usr/bin/cmake -E cmake_link_script CMakeFiles/cmTC_25b56.dir/link.txt --verbose=1
/usr/bin/cc   -O2 -g -DNDEBUG    -rdynamic CMakeFiles/cmTC_25b56.dir/CheckIncludeFile.c.o  -o cmTC_25b56 
make[1]: Leaving directory '/home/abhi/Multicore/rstm_build/CMakeFiles/CMakeTmp'


Determining if the function pthread_create exists in the pthread passed with the following output:
Change Dir: /home/abhi/Multicore/rstm_build/CMakeFiles/CMakeTmp

Run Build Command:"/usr/bin/make" "cmTC_b28d1/fast"
/usr/bin/make -f CMakeFiles/cmTC_b28d1.dir/build.make CMakeFiles/cmTC_b28d1.dir/build
make[1]: Entering directory '/home/abhi/Multicore/rstm_build/CMakeFiles/CMakeTmp'
Building C object CMakeFiles/cmTC_b28d1.dir/CheckFunctionExists.c.o
/usr/bin/cc   -DCHECK_FUNCTION_EXISTS=pthread_create -O2 -g -DNDEBUG   -o CMakeFiles/cmTC_b28d1.dir/CheckFunctionExists.c.o   -c /usr/share/cmake-3.10/Modules/CheckFunctionExists.c
Linking C executable cmTC_b28d1
/usr/bin/cmake -E cmake_link_script CMakeFiles/cmTC_b28d1.dir/link.txt --verbose=1
/usr/bin/cc  -DCHECK_FUNCTION_EXISTS=pthread_create -O2 -g -DNDEBUG    -rdynamic CMakeFiles/cmTC_b28d1.dir/CheckFunctionExists.c.o  -o cmTC_b28d1 -lpthread 
make[1]: Leaving directory '/home/abhi/Multicore/rstm_build/CMakeFiles/CMakeTmp'


Performing C SOURCE FILE Test OpenMP_FLAG_DETECTED succeeded with the following output:
Change Dir: /home/abhi/Multicore/rstm_build/CMakeFiles/CMakeTmp

Run Build Command:"/usr/bin/make" "cmTC_becfd/fast"
/usr/bin/make -f CMakeFiles/cmTC_becfd.dir/build.make CMakeFiles/cmTC_becfd.dir/build
make[1]: Entering directory '/home/abhi/Multicore/rstm_build/CMakeFiles/CMakeTmp'
Building C object CMakeFiles/cmTC_becfd.dir/src.c.o
/usr/bin/cc   -DOpenMP_FLAG_DETECTED -fopenmp -O2 -g -DNDEBUG   -o CMakeFiles/cmTC_becfd.dir/src.c.o   -c /home/abhi/Multicore/rstm_build/CMakeFiles/CMakeTmp/src.c
Linking C executable cmTC_becfd
/usr/bin/cmake -E cmake_link_script CMakeFiles/cmTC_becfd.dir/link.txt --verbose=1
/usr/bin/cc  -DOpenMP_FLAG_DETECTED -fopenmp -O2 -g -DNDEBUG    -rdynamic CMakeFiles/cmTC_becfd.dir/src.c.o  -o cmTC_becfd 
make[1]: Leaving directory '/home/abhi/Multicore/rstm_build/CMakeFiles/CMakeTmp'

Source file was:

#include <omp.h>
int main() { 
#ifdef _OPENMP
  return 0; 
#else
  breaks_on_purpose
#endif
}

Performing C++ SOURCE FILE Test OpenMP_FLAG_DETECTED succeeded with the following output:
Change Dir: /home/abhi/Multicore/rstm_build/CMakeFiles/CMakeTmp

Run Build Command:"/usr/bin/make" "cmTC_5152d/fast"
/usr/bin/make -f CMakeFiles/cmTC_5152d.dir/build.make CMakeFiles/cmTC_5152d.dir/build
make[1]: Entering directory '/home/abhi/Multicore/rstm_build/CMakeFiles/CMakeTmp'
Building CXX object CMakeFiles/cmTC_5152d.dir/src.cxx.o
/usr/bin/c++    -Wall -msse2 -mfpmath=sse -march=core2 -mtune=core2 -DOpenMP_FLAG_DETECTED -fopenmp  -O3 -g   -o CMakeFiles/cmTC_5152d.dir/src.cxx.o -c /home/abhi/Multicore/rstm_build/CMakeFiles/CMakeTmp/src.cxx
Linking CXX executable cmTC_5152d
/usr/bin/cmake -E cmake_link_script CMakeFiles/cmTC_5152d.dir/link.txt --verbose=1
/usr/bin/c++   -Wall -msse2 -mfpmath=sse -march=core2 -mtune=core2 -DOpenMP_FLAG_DETECTED -fopenmp  -O3 -g    -rdynamic CMakeFiles/cmTC_5152d.dir/src.cxx.o  -o cmTC_5152d 
make[1]: Leaving directory '/home/abhi/Multicore/rstm_build/CMakeFiles/CMakeTmp'

Source file was:

#include <omp.h>
int main() { 
#ifdef _OPENMP
  return 0; 
#else
  breaks_on_purpose
#endif
}

Determining if the include file sys/types.h exists passed with the following output:
Change Dir: /home/abhi/Multicore/rstm_build/CMakeFiles/CMakeTmp

Run Build Command:"/usr/bin/make" "cmTC_6a28e/fast"
/usr/bin/make -f CMakeFiles/cmTC_6a28e.dir/build.make CMakeFiles/cmTC_6a28e.dir/build
make[1]: Entering directory '/home/abhi/Multicore/rstm_build/CMakeFiles/CMakeTmp'
Building C object CMakeFiles/cmTC_6a28e.dir/CheckIncludeFile.c.o
/usr/bin/cc   -O2 -g -DNDEBUG   -o CMakeFiles/cmTC_6a28e.dir/CheckIncludeFile.c.o   -c /home/abhi/Multicore/rstm_build/CMakeFiles/CMakeTmp/CheckIncludeFile.c
Linking C executable cmTC_6a28e
/usr/bin/cmake -E cmake_link_script CMakeFiles/cmTC_6a28e.dir/link.txt --verbose=1
/usr/bin/cc   -O2 -g -DNDEBUG    -rdynamic CMakeFiles/cmTC_6a28e.dir/CheckIncludeFile.c.o  -o cmTC_6a28e 
make[1]: Leaving directory '/home/abhi/Multicore/rstm_build/CMakeFiles/CMakeTmp'


Determining if the include file stdint.h exists passed with the following output:
Change Dir: /home/abhi/Multicore/rstm_build/CMakeFiles/CMakeTmp

Run Build Command:"/usr/bin/make" "cmTC_691f6/fast"
/usr/bin/make -f CMakeFiles/cmTC_691f6.dir/build.make CMakeFiles/cmTC_691f6.dir/build
make[1]: Entering directory '/home/abhi/Multicore/rstm_build/CMakeFiles/CMakeTmp'
Building C object CMakeFiles/cmTC_691f6.dir/CheckIncludeFile.c.o
/usr/bin/cc   -O2 -g -DNDEBUG   -o CMakeFiles/cmTC_691f6.dir/CheckIncludeFile.c.o   -c /home/abhi/Multicore/rstm_build/CMakeFiles/CMakeTmp/CheckIncludeFile.c
Linking C executable cmTC_691f6
/usr/bin/cmake -E cmake_link_script CMakeFiles/cmTC_691f6.dir/link.txt --verbose=1
/usr/bin/cc   -O2 -g -DNDEBUG    -rdynamic CMakeFiles/cmTC_691f6.dir/CheckIncludeFile.c.o  -o cmTC_691f6 
make[1]: Leaving directory '/home/abhi/Multicore/rstm_build/CMakeFiles/CMakeTmp'


Determining if the include file stddef.h exists passed with the following output:
Change Dir: /home/abhi/Multicore/rstm_build/CMakeFiles/CMakeTmp

Run Build Command:"/usr/bin/make" "cmTC_eeaf9/fast"
/usr/bin/make -f CMakeFiles/cmTC_eeaf9.dir/build.make CMakeFiles/cmTC_eeaf9.dir/build
make[1]: Entering directory '/home/abhi/Multicore/rstm_build/CMakeFiles/CMakeTmp'
Building C object CMakeFiles/cmTC_eeaf9.dir/CheckIncludeFile.c.o
/usr/bin/cc   -O2 -g -DNDEBUG   -o CMakeFiles/cmTC_eeaf9.dir/CheckIncludeFile.c.o   -c /home/abhi/Multicore/rstm_build/CMakeFiles/CMakeTmp/CheckIncludeFile.c
Linking C executable cmTC_eeaf9
/usr/bin/cmake -E cmake_link_script CMakeFiles/cmTC_eeaf9.dir/link.txt --verbose=1
/usr/bin/cc   -O2 -g -DNDEBUG    -rdynamic CMakeFiles/cmTC_eeaf9.dir/CheckIncludeFile.c.o  -o cmTC_eeaf9 
make[1]: Leaving directory '/home/abhi/Multicore/rstm_build/CMakeFiles/CMakeTmp'


Determining size of unsigned short passed with the following output:
Change Dir: /home/abhi/Multicore/rstm_build/CMakeFiles/CMakeTmp

Run Build Command:"/usr/bin/make" "cmTC_3187b/fast"
/usr/bin/make -f CMakeFiles/cmTC_3187b.dir/build.make CMakeFiles/cmTC_3187b.dir/build
make[1]: Entering directory '/home/abhi/Multicore/rstm_build/CMakeFiles/CMakeTmp'
Building C object CMakeFiles/cmTC_3187b.dir/CMAKE_SIZEOF_UNSIGNED_SHORT.c.o
/usr/bin/cc   -O2 -g -DNDEBUG   -o CMakeFiles/cmTC_3187b.dir/CMAKE_SIZEOF_UNSIGNED_SHORT.c.o   -c /home/abhi/Multicore/rstm_build/CMakeFiles/CheckTypeSize/CMAKE_SIZEOF_UNSIGNED_SHORT.c
Linking C executable cmTC_3187b
/usr/bin/cmake -E cmake_link_script CMakeFiles/cmTC_3187b.dir/link.txt --verbose=1
/usr/bin/cc   -O2 -g -DNDEBUG    -rdynamic CMakeFiles/cmTC_3187b.dir/CMAKE_SIZEOF_UNSIGNED_SHORT.c.o  -o cmTC_3187b 
make[1]: Leaving directory '/home/abhi/Multicore/rstm_build/CMakeFiles/CMakeTmp'


Determining if the system is big endian passed with the following output:
Change Dir: /home/abhi/Multicore/rstm_build/CMakeFiles/CMakeTmp

Run Build Command:"/usr/bin/make" "cmTC_5a15a/fast"
/usr/bin/make -f CMakeFiles/cmTC_5a15a.dir/build.make CMakeFiles/cmTC_5a15a.dir/build
make[1]: Entering directory '/home/abhi/Multicore/rstm_build/CMakeFiles/CMakeTmp'
Building C object CMakeFiles/cmTC_5a15a.dir/TestEndianess.c.o
/usr/bin/cc   -O2 -g -DNDEBUG   -o CMakeFiles/cmTC_5a15a.dir/TestEndianess.c.o   -c /home/abhi/Multicore/rstm_build/CMakeFiles/CMakeTmp/TestEndianess.c
Linking C executable cmTC_5a15a
/usr/bin/cmake -E cmake_link_script CMakeFiles/cmTC_5a15a.dir/link.txt --verbose=1
/usr/bin/cc   -O2 -g -DNDEBUG    -rdynamic CMakeFiles/cmTC_5a15a.dir/TestEndianess.c.o  -o cmTC_5a15a 
make[1]: Leaving directory '/home/abhi/Multicore/rstm_build/CMakeFiles/CMakeTmp'

TestEndianess.c:
/* A 16 bit integer is required. */
typedef unsigned short cmakeint16;

/* On a little endian machine, these 16bit ints will give "THIS IS LITTLE ENDIAN."
   On a big endian machine the characters will be exchanged pairwise. */
const cmakeint16 info_little[] =  {0x4854, 0x5349, 0x4920, 0x2053, 0x494c, 0x5454, 0x454c, 0x4520, 0x444e, 0x4149, 0x2e4e, 0x0000};

/* on a big endian machine, these 16bit ints will give "THIS IS BIG ENDIAN."
   On a little endian machine the characters will be exchanged pairwise. */
const cmakeint16 info_big[] =     {0x5448, 0x4953, 0x2049, 0x5320, 0x4249, 0x4720, 0x454e, 0x4449, 0x414e, 0x2e2e, 0x0000};

#ifdef __CLASSIC_C__
int main(argc, argv) int argc; char *argv[];
#else
int main(int argc, char *argv[])
#endif
{
  int require = 0;
  require += info_little[argc];
  require += info_big[argc];
  (void)argv;
  return require;
}


Performing C SOURCE FILE Test OpenMP_FLAG_DETECTED succeeded with the following output:
Change Dir: /home/abhi/Multicore/rstm_build/CMakeFiles/CMakeTmp

Run Build Command:"/usr/bin/make" "cmTC_7367b/fast"
make[1]: Entering directory '/home/abhi/Multicore/rstm_build/CMakeFiles/CMakeTmp'
/usr/bin/make -f CMakeFiles/cmTC_7367b.dir/build.make CMakeFiles/cmTC_7367b.dir/build
make[2]: Entering directory '/home/abhi/Multicore/rstm_build/CMakeFiles/CMakeTmp'
Building C object CMakeFiles/cmTC_7367b.dir/src.c.o
/usr/bin/cc   -DOpenMP_FLAG_DETECTED -fopenmp -O2 -g -DNDEBUG   -o CMakeFiles/cmTC_7367b.dir/src.c.o   -c /home/abhi/Multicore/rstm_build/CMakeFiles/CMakeTmp/src.c
Linking C executable cmTC_7367b
/usr/bin/cmake -E cmake_link_script CMakeFiles/cmTC_7367b.dir/link.txt --verbose=1
/usr/bin/cc  -DOpenMP_FLAG_DETECTED -fopenmp -O2 -g -DNDEBUG    -rdynamic CMakeFiles/cmTC_7367b.dir/src.c.o  -o cmTC_7367b 
make[2]: Leaving directory '/home/abhi/Multicore/rstm_build/CMakeFiles/CMakeTmp'
make[1]: Leaving directory '/home/abhi/Multicore/rstm_build/CMakeFiles/CMakeTmp'

Source file was:

#include <omp.h>
int main() { 
#ifdef _OPENMP
  return 0; 
#else
  breaks_on_purpose
#endif
}

Performing C++ SOURCE FILE Test OpenMP_FLAG_DETECTED succeeded with the following output:
Change Dir: /home/abhi/Multicore/rstm_build/CMakeFiles/CMakeTmp

Run Build Command:"/usr/bin/make" "cmTC_28c71/fast"
make[1]: Entering directory '/home/abhi/Multicore/rstm_build/CMakeFiles/CMakeTmp'
/usr/bin/make -f CMakeFiles/cmTC_28c71.dir/build.make CMakeFiles/cmTC_28c71.dir/build
make[2]: Entering directory '/home/abhi/Multicore/rstm_build/CMakeFiles/CMakeTmp'
Building CXX object CMakeFiles/cmTC_28c71.dir/src.cxx.o
/usr/bin/c++    -Wall -msse2 -mfpmath=sse -march=core2 -mtune=core2 -DOpenMP_FLAG_DETECTED -fopenmp  -O3 -g   -o CMakeFiles/cmTC_28c71.dir/src.cxx.o -c /home/abhi/Multicore/rstm_build/CMakeFiles/CMakeTmp/src.cxx
Linking CXX executable cmTC_28c71
/usr/bin/cmake -E cmake_link_script CMakeFiles/cmTC_28c71.dir/link.txt --verbose=1
/usr/bin/c++   -Wall -msse2 -mfpmath=sse -march=core2 -mtune=core2 -DOpenMP_FLAG_DETECTED -fopenmp  -O3 -g    -rdynamic CMakeFiles/cmTC_28c71.dir/src.cxx.o  -o cmTC_28c71 
make[2]: Leaving directory '/home/abhi/Multicore/rstm_build/CMakeFiles/CMakeTmp'
make[1]: Leaving directory '/home/abhi/Multicore/rstm_build/CMakeFiles/CMakeTmp'

Source file was:

#include <omp.h>
int main() { 
#ifdef _OPENMP
  return 0; 
#else
  breaks_on_purpose
#endif
}

Performing C SOURCE FILE Test OpenMP_FLAG_DETECTED succeeded with the following output:
Change Dir: /home/abhi/Multicore/rstm_build/CMakeFiles/CMakeTmp

Run Build Command:"/usr/bin/make" "cmTC_4fcea/fast"
make[1]: Entering directory '/home/abhi/Multicore/rstm_build/CMakeFiles/CMakeTmp'
/usr/bin/make -f CMakeFiles/cmTC_4fcea.dir/build.make CMakeFiles/cmTC_4fcea.dir/build
make[2]: Entering directory '/home/abhi/Multicore/rstm_build/CMakeFiles/CMakeTmp'
Building C object CMakeFiles/cmTC_4fcea.dir/src.c.o
/usr/bin/cc   -DOpenMP_FLAG_DETECTED -fopenmp -O2 -g -DNDEBUG   -o CMakeFiles/cmTC_4fcea.dir/src.c.o   -c /home/abhi/Multicore/rstm_build/CMakeFiles/CMakeTmp/src.c
Linking C executable cmTC_4fcea
/usr/bin/cmake -E cmake_link_script CMakeFiles/cmTC_4fcea.dir/link.txt --verbose=1
/usr/bin/cc  -DOpenMP_FLAG_DETECTED -fopenmp -O2 -g -DNDEBUG    -rdynamic CMakeFiles/cmTC_4fcea.dir/src.c.o  -o cmTC_4fcea 
make[2]: Leaving directory '/home/abhi/Multicore/rstm_build/CMakeFiles/CMakeTmp'
make[1]: Leaving directory '/home/abhi/Multicore/rstm_build/CMakeFiles/CMakeTmp'

Source file was:

#include <omp.h>
int main() { 
#ifdef _OPENMP
  return 0; 
#else
  breaks_on_purpose
#endif
}

Performing C++ SOURCE FILE Test OpenMP_FLAG_DETECTED succeeded with the following output:
Change Dir: /home/abhi/Multicore/rstm_build/CMakeFiles/CMakeTmp

Run Build Command:"/usr/bin/make" "cmTC_279ce/fast"
make[1]: Entering directory '/home/abhi/Multicore/rstm_build/CMakeFiles/CMakeTmp'
/usr/bin/make -f CMakeFiles/cmTC_279ce.dir/build.make CMakeFiles/cmTC_279ce.dir/build
make[2]: Entering directory '/home/abhi/Multicore/rstm_build/CMakeFiles/CMakeTmp'
Building CXX object CMakeFiles/cmTC_279ce.dir/src.cxx.o
/usr/bin/c++    -Wall -msse2 -mfpmath=sse -march=core2 -mtune=core2 -DOpenMP_FLAG_DETECTED -fopenmp  -O3 -g   -o CMakeFiles/cmTC_279ce.dir/src.cxx.o -c /home/abhi/Multicore/rstm_build/CMakeFiles/CMakeTmp/src.cxx
Linking CXX executable cmTC_279ce
/usr/bin/cmake -E cmake_link_script CMakeFiles/cmTC_279ce.dir/link.txt --verbose=1
/usr/bin/c++   -Wall -msse2 -mfpmath=sse -march=core2 -mtune=core2 -DOpenMP_FLAG_DETECTED -fopenmp  -O3 -g    -rdynamic CMakeFiles/cmTC_279ce.dir/src.cxx.o  -o cmTC_279ce 
make[2]: Leaving directory '/home/abhi/Multicore/rstm_build/CMakeFiles/CMakeTmp'
make[1]: Leaving directory '/home/abhi/Multicore/rstm_build/CMakeFiles/CMakeTmp'

Source file was:

#include <omp.h>
int main() { 
#ifdef _OPENMP
  return 0; 
#else
  breaks_on_purpose
#endif
}

Performing C SOURCE FILE Test OpenMP_FLAG_DETECTED succeeded with the following output:
Change Dir: /home/abhi/Multicore/rstm_build/CMakeFiles/CMakeTmp

Run Build Command:"/usr/bin/make" "cmTC_116ba/fast"
make[1]: Entering directory '/home/abhi/Multicore/rstm_build/CMakeFiles/CMakeTmp'
/usr/bin/make -f CMakeFiles/cmTC_116ba.dir/build.make CMakeFiles/cmTC_116ba.dir/build
make[2]: Entering directory '/home/abhi/Multicore/rstm_build/CMakeFiles/CMakeTmp'
Building C object CMakeFiles/cmTC_116ba.dir/src.c.o
/usr/bin/cc   -DOpenMP_FLAG_DETECTED -fopenmp -O2 -g -DNDEBUG   -o CMakeFiles/cmTC_116ba.dir/src.c.o   -c /home/abhi/Multicore/rstm_build/CMakeFiles/CMakeTmp/src.c
Linking C executable cmTC_116ba
/usr/bin/cmake -E cmake_link_script CMakeFiles/cmTC_116ba.dir/link.txt --verbose=1
/usr/bin/cc  -DOpenMP_FLAG_DETECTED -fopenmp -O2 -g -DNDEBUG    -rdynamic CMakeFiles/cmTC_116ba.dir/src.c.o  -o cmTC_116ba 
make[2]: Leaving directory '/home/abhi/Multicore/rstm_build/CMakeFiles/CMakeTmp'
make[1]: Leaving directory '/home/abhi/Multicore/rstm_build/CMakeFiles/CMakeTmp'

Source file was:

#include <omp.h>
int main() { 
#ifdef _OPENMP
  return 0; 
#else
  breaks_on_purpose
#endif
}

Performing C++ SOURCE FILE Test OpenMP_FLAG_DETECTED succeeded with the following output:
Change Dir: /home/abhi/Multicore/rstm_build/CMakeFiles/CMakeTmp

Run Build Command:"/usr/bin/make" "cmTC_13bc4/fast"
make[1]: Entering directory '/home/abhi/Multicore/rstm_build/CMakeFiles/CMakeTmp'
/usr/bin/make -f CMakeFiles/cmTC_13bc4.dir/build.make CMakeFiles/cmTC_13bc4.dir/build
make[2]: Entering directory '/home/abhi/Multicore/rstm_build/CMakeFiles/CMakeTmp'
Building CXX object CMakeFiles/cmTC_13bc4.dir/src.cxx.o
/usr/bin/c++    -Wall -msse2 -mfpmath=sse -march=core2 -mtune=core2 -DOpenMP_FLAG_DETECTED -fopenmp  -O3 -g   -o CMakeFiles/cmTC_13bc4.dir/src.cxx.o -c /home/abhi/Multicore/rstm_build/CMakeFiles/CMakeTmp/src.cxx
Linking CXX executable cmTC_13bc4
/usr/bin/cmake -E cmake_link_script CMakeFiles/cmTC_13bc4.dir/link.txt --verbose=1
/usr/bin/c++   -Wall -msse2 -mfpmath=sse -march=core2 -mtune=core2 -DOpenMP_FLAG_DETECTED -fopenmp  -O3 -g    -rdynamic CMakeFiles/cmTC_13bc4.dir/src.cxx.o  -o cmTC_13bc4 
make[2]: Leaving directory '/home/abhi/Multicore/rstm_build/CMakeFiles/CMakeTmp'
make[1]: Leaving directory '/home/abhi/Multicore/rstm_build/CMakeFiles/CMakeTmp'

Source file was:

#include <omp.h>
int main() { 
#ifdef _OPENMP
  return 0; 
#else
  breaks_on_purpose
#endif
}

Performing C SOURCE FILE Test OpenMP_FLAG_DETECTED succeeded with the following output:
Change Dir: /home/abhi/Multicore/rstm_build/CMakeFiles/CMakeTmp

Run Build Command:"/usr/bin/make" "cmTC_51979/fast"
make[1]: Entering directory '/home/abhi/Multicore/rstm_build/CMakeFiles/CMakeTmp'
/usr/bin/make -f CMakeFiles/cmTC_51979.dir/build.make CMakeFiles/cmTC_51979.dir/build
make[2]: Entering directory '/home/abhi/Multicore/rstm_build/CMakeFiles/CMakeTmp'
Building C object CMakeFiles/cmTC_51979.dir/src.c.o
/usr/bin/cc   -DOpenMP_FLAG_DETECTED -fopenmp -O2 -g -DNDEBUG   -o CMakeFiles/cmTC_51979.dir/src.c.o   -c /home/abhi/Multicore/rstm_build/CMakeFiles/CMakeTmp/src.c
Linking C executable cmTC_51979
/usr/bin/cmake -E cmake_link_script CMakeFiles/cmTC_51979.dir/link.txt --verbose=1
/usr/bin/cc  -DOpenMP_FLAG_DETECTED -fopenmp -O2 -g -DNDEBUG    -rdynamic CMakeFiles/cmTC_51979.dir/src.c.o  -o cmTC_51979 
make[2]: Leaving directory '/home/abhi/Multicore/rstm_build/CMakeFiles/CMakeTmp'
make[1]: Leaving directory '/home/abhi/Multicore/rstm_build/CMakeFiles/CMakeTmp'

Source file was:

#include <omp.h>
int main() { 
#ifdef _OPENMP
  return 0; 
#else
  breaks_on_purpose
#endif
}

Performing C++ SOURCE FILE Test OpenMP_FLAG_DETECTED succeeded with the following output:
Change Dir: /home/abhi/Multicore/rstm_build/CMakeFiles/CMakeTmp

Run Build Command:"/usr/bin/make" "cmTC_47590/fast"
make[1]: Entering directory '/home/abhi/Multicore/rstm_build/CMakeFiles/CMakeTmp'
/usr/bin/make -f CMakeFiles/cmTC_47590.dir/build.make CMakeFiles/cmTC_47590.dir/build
make[2]: Entering directory '/home/abhi/Multicore/rstm_build/CMakeFiles/CMakeTmp'
Building CXX object CMakeFiles/cmTC_47590.dir/src.cxx.o
/usr/bin/c++    -Wall -msse2 -mfpmath=sse -march=core2 -mtune=core2 -DOpenMP_FLAG_DETECTED -fopenmp  -O3 -g   -o CMakeFiles/cmTC_47590.dir/src.cxx.o -c /home/abhi/Multicore/rstm_build/CMakeFiles/CMakeTmp/src.cxx
Linking CXX executable cmTC_47590
/usr/bin/cmake -E cmake_link_script CMakeFiles/cmTC_47590.dir/link.txt --verbose=1
/usr/bin/c++   -Wall -msse2 -mfpmath=sse -march=core2 -mtune=core2 -DOpenMP_FLAG_DETECTED -fopenmp  -O3 -g    -rdynamic CMakeFiles/cmTC_47590.dir/src.cxx.o  -o cmTC_47590 
make[2]: Leaving directory '/home/abhi/Multicore/rstm_build/CMakeFiles/CMakeTmp'
make[1]: Leaving directory '/home/abhi/Multicore/rstm_build/CMakeFiles/CMakeTmp'

Source file was:

#include <omp.h>
int main() { 
#ifdef _OPENMP
  return 0; 
#else
  breaks_on_purpose
#endif
}

Performing C SOURCE FILE Test OpenMP_FLAG_DETECTED succeeded with the following output:
Change Dir: /home/abhi/Multicore/rstm_build/CMakeFiles/CMakeTmp

Run Build Command:"/usr/bin/make" "cmTC_f38ff/fast"
make[1]: Entering directory '/home/abhi/Multicore/rstm_build/CMakeFiles/CMakeTmp'
/usr/bin/make -f CMakeFiles/cmTC_f38ff.dir/build.make CMakeFiles/cmTC_f38ff.dir/build
make[2]: Entering directory '/home/abhi/Multicore/rstm_build/CMakeFiles/CMakeTmp'
Building C object CMakeFiles/cmTC_f38ff.dir/src.c.o
/usr/bin/cc   -DOpenMP_FLAG_DETECTED -fopenmp -O2 -g -DNDEBUG   -o CMakeFiles/cmTC_f38ff.dir/src.c.o   -c /home/abhi/Multicore/rstm_build/CMakeFiles/CMakeTmp/src.c
Linking C executable cmTC_f38ff
/usr/bin/cmake -E cmake_link_script CMakeFiles/cmTC_f38ff.dir/link.txt --verbose=1
/usr/bin/cc  -DOpenMP_FLAG_DETECTED -fopenmp -O2 -g -DNDEBUG    -rdynamic CMakeFiles/cmTC_f38ff.dir/src.c.o  -o cmTC_f38ff 
make[2]: Leaving directory '/home/abhi/Multicore/rstm_build/CMakeFiles/CMakeTmp'
make[1]: Leaving directory '/home/abhi/Multicore/rstm_build/CMakeFiles/CMakeTmp'

Source file was:

#include <omp.h>
int main() { 
#ifdef _OPENMP
  return 0; 
#else
  breaks_on_purpose
#endif
}

Performing C++ SOURCE FILE Test OpenMP_FLAG_DETECTED succeeded with the following output:
Change Dir: /home/abhi/Multicore/rstm_build/CMakeFiles/CMakeTmp

Run Build Command:"/usr/bin/make" "cmTC_b5b02/fast"
make[1]: Entering directory '/home/abhi/Multicore/rstm_build/CMakeFiles/CMakeTmp'
/usr/bin/make -f CMakeFiles/cmTC_b5b02.dir/build.make CMakeFiles/cmTC_b5b02.dir/build
make[2]: Entering directory '/home/abhi/Multicore/rstm_build/CMakeFiles/CMakeTmp'
Building CXX object CMakeFiles/cmTC_b5b02.dir/src.cxx.o
/usr/bin/c++    -Wall -msse2 -mfpmath=sse -march=core2 -mtune=core2 -DOpenMP_FLAG_DETECTED -fopenmp  -O3 -g   -o CMakeFiles/cmTC_b5b02.dir/src.cxx.o -c /home/abhi/Multicore/rstm_build/CMakeFiles/CMakeTmp/src.cxx
Linking CXX executable cmTC_b5b02
/usr/bin/cmake -E cmake_link_script CMakeFiles/cmTC_b5b02.dir/link.txt --verbose=1
/usr/bin/c++   -Wall -msse2 -mfpmath=sse -march=core2 -mtune=core2 -DOpenMP_FLAG_DETECTED -fopenmp  -O3 -g    -rdynamic CMakeFiles/cmTC_b5b02.dir/src.cxx.o  -o cmTC_b5b02 
make[2]: Leaving directory '/home/abhi/Multicore/rstm_build/CMakeFiles/CMakeTmp'
make[1]: Leaving directory '/home/abhi/Multicore/rstm_build/CMakeFiles/CMakeTmp'

Source file was:

#include <omp.h>
int main() { 
#ifdef _OPENMP
  return 0; 
#else
  breaks_on_purpose
#endif
}

Performing C SOURCE FILE Test OpenMP_FLAG_DETECTED succeeded with the following output:
Change Dir: /home/abhi/Multicore/rstm_build/CMakeFiles/CMakeTmp

Run Build Command:"/usr/bin/make" "cmTC_6338b/fast"
make[1]: Entering directory '/home/abhi/Multicore/rstm_build/CMakeFiles/CMakeTmp'
/usr/bin/make -f CMakeFiles/cmTC_6338b.dir/build.make CMakeFiles/cmTC_6338b.dir/build
make[2]: Entering directory '/home/abhi/Multicore/rstm_build/CMakeFiles/CMakeTmp'
Building C object CMakeFiles/cmTC_6338b.dir/src.c.o
/usr/bin/cc   -DOpenMP_FLAG_DETECTED -fopenmp -O2 -g -DNDEBUG   -o CMakeFiles/cmTC_6338b.dir/src.c.o   -c /home/abhi/Multicore/rstm_build/CMakeFiles/CMakeTmp/src.c
Linking C executable cmTC_6338b
/usr/bin/cmake -E cmake_link_script CMakeFiles/cmTC_6338b.dir/link.txt --verbose=1
/usr/bin/cc  -DOpenMP_FLAG_DETECTED -fopenmp -O2 -g -DNDEBUG    -rdynamic CMakeFiles/cmTC_6338b.dir/src.c.o  -o cmTC_6338b 
make[2]: Leaving directory '/home/abhi/Multicore/rstm_build/CMakeFiles/CMakeTmp'
make[1]: Leaving directory '/home/abhi/Multicore/rstm_build/CMakeFiles/CMakeTmp'

Source file was:

#include <omp.h>
int main() { 
#ifdef _OPENMP
  return 0; 
#else
  breaks_on_purpose
#endif
}

Performing C++ SOURCE FILE Test OpenMP_FLAG_DETECTED succeeded with the following output:
Change Dir: /home/abhi/Multicore/rstm_build/CMakeFiles/CMakeTmp

Run Build Command:"/usr/bin/make" "cmTC_011db/fast"
make[1]: Entering directory '/home/abhi/Multicore/rstm_build/CMakeFiles/CMakeTmp'
/usr/bin/make -f CMakeFiles/cmTC_011db.dir/build.make CMakeFiles/cmTC_011db.dir/build
make[2]: Entering directory '/home/abhi/Multicore/rstm_build/CMakeFiles/CMakeTmp'
Building CXX object CMakeFiles/cmTC_011db.dir/src.cxx.o
/usr/bin/c++    -Wall -msse2 -mfpmath=sse -march=core2 -mtune=core2 -DOpenMP_FLAG_DETECTED -fopenmp  -O3 -g   -o CMakeFiles/cmTC_011db.dir/src.cxx.o -c /home/abhi/Multicore/rstm_build/CMakeFiles/CMakeTmp/src.cxx
Linking CXX executable cmTC_011db
/usr/bin/cmake -E cmake_link_script CMakeFiles/cmTC_011db.dir/link.txt --verbose=1
/usr/bin/c++   -Wall -msse2 -mfpmath=sse -march=core2 -mtune=core2 -DOpenMP_FLAG_DETECTED -fopenmp  -O3 -g    -rdynamic CMakeFiles/cmTC_011db.dir/src.cxx.o  -o cmTC_011db 
make[2]: Leaving directory '/home/abhi/Multicore/rstm_build/CMakeFiles/CMakeTmp'
make[1]: Leaving directory '/home/abhi/Multicore/rstm_build/CMakeFiles/CMakeTmp'

Source file was:

#include <omp.h>
int main() { 
#ifdef _OPENMP
  return 0; 
#else
  breaks_on_purpose
#endif
}

Performing C SOURCE FILE Test OpenMP_FLAG_DETECTED succeeded with the following output:
Change Dir: /home/abhi/Multicore/rstm_build/CMakeFiles/CMakeTmp

Run Build Command:"/usr/bin/make" "cmTC_051b9/fast"
make[1]: Entering directory '/home/abhi/Multicore/rstm_build/CMakeFiles/CMakeTmp'
/usr/bin/make -f CMakeFiles/cmTC_051b9.dir/build.make CMakeFiles/cmTC_051b9.dir/build
make[2]: Entering directory '/home/abhi/Multicore/rstm_build/CMakeFiles/CMakeTmp'
Building C object CMakeFiles/cmTC_051b9.dir/src.c.o
/usr/bin/cc   -DOpenMP_FLAG_DETECTED -fopenmp -O2 -g -DNDEBUG   -o CMakeFiles/cmTC_051b9.dir/src.c.o   -c /home/abhi/Multicore/rstm_build/CMakeFiles/CMakeTmp/src.c
Linking C executable cmTC_051b9
/usr/bin/cmake -E cmake_link_script CMakeFiles/cmTC_051b9.dir/link.txt --verbose=1
/usr/bin/cc  -DOpenMP_FLAG_DETECTED -fopenmp -O2 -g -DNDEBUG    -rdynamic CMakeFiles/cmTC_051b9.dir/src.c.o  -o cmTC_051b9 
make[2]: Leaving directory '/home/abhi/Multicore/rstm_build/CMakeFiles/CMakeTmp'
make[1]: Leaving directory '/home/abhi/Multicore/rstm_build/CMakeFiles/CMakeTmp'

Source file was:

#include <omp.h>
int main() { 
#ifdef _OPENMP
  return 0; 
#else
  breaks_on_purpose
#endif
}

Performing C++ SOURCE FILE Test OpenMP_FLAG_DETECTED succeeded with the following output:
Change Dir: /home/abhi/Multicore/rstm_build/CMakeFiles/CMakeTmp

Run Build Command:"/usr/bin/make" "cmTC_79da6/fast"
make[1]: Entering directory '/home/abhi/Multicore/rstm_build/CMakeFiles/CMakeTmp'
/usr/bin/make -f CMakeFiles/cmTC_79da6.dir/build.make CMakeFiles/cmTC_79da6.dir/build
make[2]: Entering directory '/home/abhi/Multicore/rstm_build/CMakeFiles/CMakeTmp'
Building CXX object CMakeFiles/cmTC_79da6.dir/src.cxx.o
/usr/bin/c++    -Wall -msse2 -mfpmath=sse -march=core2 -mtune=core2 -DOpenMP_FLAG_DETECTED -fopenmp  -O3 -g   -o CMakeFiles/cmTC_79da6.dir/src.cxx.o -c /home/abhi/Multicore/rstm_build/CMakeFiles/CMakeTmp/src.cxx
Linking CXX executable cmTC_79da6
/usr/bin/cmake -E cmake_link_script CMakeFiles/cmTC_79da6.dir/link.txt --verbose=1
/usr/bin/c++   -Wall -msse2 -mfpmath=sse -march=core2 -mtune=core2 -DOpenMP_FLAG_DETECTED -fopenmp  -O3 -g    -rdynamic CMakeFiles/cmTC_79da6.dir/src.cxx.o  -o cmTC_79da6 
make[2]: Leaving directory '/home/abhi/Multicore/rstm_build/CMakeFiles/CMakeTmp'
make[1]: Leaving directory '/home/abhi/Multicore/rstm_build/CMakeFiles/CMakeTmp'

Source file was:

#include <omp.h>
int main() { 
#ifdef _OPENMP
  return 0; 
#else
  breaks_on_purpose
#endif
}

Performing C SOURCE FILE Test OpenMP_FLAG_DETECTED succeeded with the following output:
Change Dir: /home/abhi/Multicore/rstm_build/CMakeFiles/CMakeTmp

Run Build Command:"/usr/bin/make" "cmTC_986fb/fast"
make[1]: Entering directory '/home/abhi/Multicore/rstm_build/CMakeFiles/CMakeTmp'
/usr/bin/make -f CMakeFiles/cmTC_986fb.dir/build.make CMakeFiles/cmTC_986fb.dir/build
make[2]: Entering directory '/home/abhi/Multicore/rstm_build/CMakeFiles/CMakeTmp'
Building C object CMakeFiles/cmTC_986fb.dir/src.c.o
/usr/bin/cc   -DOpenMP_FLAG_DETECTED -fopenmp -O2 -g -DNDEBUG   -o CMakeFiles/cmTC_986fb.dir/src.c.o   -c /home/abhi/Multicore/rstm_build/CMakeFiles/CMakeTmp/src.c
Linking C executable cmTC_986fb
/usr/bin/cmake -E cmake_link_script CMakeFiles/cmTC_986fb.dir/link.txt --verbose=1
/usr/bin/cc  -DOpenMP_FLAG_DETECTED -fopenmp -O2 -g -DNDEBUG    -rdynamic CMakeFiles/cmTC_986fb.dir/src.c.o  -o cmTC_986fb 
make[2]: Leaving directory '/home/abhi/Multicore/rstm_build/CMakeFiles/CMakeTmp'
make[1]: Leaving directory '/home/abhi/Multicore/rstm_build/CMakeFiles/CMakeTmp'

Source file was:

#include <omp.h>
int main() { 
#ifdef _OPENMP
  return 0; 
#else
  breaks_on_purpose
#endif
}

Performing C++ SOURCE FILE Test OpenMP_FLAG_DETECTED succeeded with the following output:
Change Dir: /home/abhi/Multicore/rstm_build/CMakeFiles/CMakeTmp

Run Build Command:"/usr/bin/make" "cmTC_4d97a/fast"
make[1]: Entering directory '/home/abhi/Multicore/rstm_build/CMakeFiles/CMakeTmp'
/usr/bin/make -f CMakeFiles/cmTC_4d97a.dir/build.make CMakeFiles/cmTC_4d97a.dir/build
make[2]: Entering directory '/home/abhi/Multicore/rstm_build/CMakeFiles/CMakeTmp'
Building CXX object CMakeFiles/cmTC_4d97a.dir/src.cxx.o
/usr/bin/c++    -Wall -msse2 -mfpmath=sse -march=core2 -mtune=core2 -DOpenMP_FLAG_DETECTED -fopenmp  -O3 -g   -o CMakeFiles/cmTC_4d97a.dir/src.cxx.o -c /home/abhi/Multicore/rstm_build/CMakeFiles/CMakeTmp/src.cxx
Linking CXX executable cmTC_4d97a
/usr/bin/cmake -E cmake_link_script CMakeFiles/cmTC_4d97a.dir/link.txt --verbose=1
/usr/bin/c++   -Wall -msse2 -mfpmath=sse -march=core2 -mtune=core2 -DOpenMP_FLAG_DETECTED -fopenmp  -O3 -g    -rdynamic CMakeFiles/cmTC_4d97a.dir/src.cxx.o  -o cmTC_4d97a 
make[2]: Leaving directory '/home/abhi/Multicore/rstm_build/CMakeFiles/CMakeTmp'
make[1]: Leaving directory '/home/abhi/Multicore/rstm_build/CMakeFiles/CMakeTmp'

Source file was:

#include <omp.h>
int main() { 
#ifdef _OPENMP
  return 0; 
#else
  breaks_on_purpose
#endif
}

Performing C SOURCE FILE Test OpenMP_FLAG_DETECTED succeeded with the following output:
Change Dir: /home/abhi/Multicore/rstm_build/CMakeFiles/CMakeTmp

Run Build Command:"/usr/bin/make" "cmTC_9a250/fast"
make[1]: Entering directory '/home/abhi/Multicore/rstm_build/CMakeFiles/CMakeTmp'
/usr/bin/make -f CMakeFiles/cmTC_9a250.dir/build.make CMakeFiles/cmTC_9a250.dir/build
make[2]: Entering directory '/home/abhi/Multicore/rstm_build/CMakeFiles/CMakeTmp'
Building C object CMakeFiles/cmTC_9a250.dir/src.c.o
/usr/bin/cc   -DOpenMP_FLAG_DETECTED -fopenmp -O2 -g -DNDEBUG   -o CMakeFiles/cmTC_9a250.dir/src.c.o   -c /home/abhi/Multicore/rstm_build/CMakeFiles/CMakeTmp/src.c
Linking C executable cmTC_9a250
/usr/bin/cmake -E cmake_link_script CMakeFiles/cmTC_9a250.dir/link.txt --verbose=1
/usr/bin/cc  -DOpenMP_FLAG_DETECTED -fopenmp -O2 -g -DNDEBUG    -rdynamic CMakeFiles/cmTC_9a250.dir/src.c.o  -o cmTC_9a250 
make[2]: Leaving directory '/home/abhi/Multicore/rstm_build/CMakeFiles/CMakeTmp'
make[1]: Leaving directory '/home/abhi/Multicore/rstm_build/CMakeFiles/CMakeTmp'

Source file was:

#include <omp.h>
int main() { 
#ifdef _OPENMP
  return 0; 
#else
  breaks_on_purpose
#endif
}

Performing C++ SOURCE FILE Test OpenMP_FLAG_DETECTED succeeded with the following output:
Change Dir: /home/abhi/Multicore/rstm_build/CMakeFiles/CMakeTmp

Run Build Command:"/usr/bin/make" "cmTC_bcd96/fast"
make[1]: Entering directory '/home/abhi/Multicore/rstm_build/CMakeFiles/CMakeTmp'
/usr/bin/make -f CMakeFiles/cmTC_bcd96.dir/build.make CMakeFiles/cmTC_bcd96.dir/build
make[2]: Entering directory '/home/abhi/Multicore/rstm_build/CMakeFiles/CMakeTmp'
Building CXX object CMakeFiles/cmTC_bcd96.dir/src.cxx.o
/usr/bin/c++    -Wall -msse2 -mfpmath=sse -march=core2 -mtune=core2 -DOpenMP_FLAG_DETECTED -fopenmp  -O3 -g   -o CMakeFiles/cmTC_bcd96.dir/src.cxx.o -c /home/abhi/Multicore/rstm_build/CMakeFiles/CMakeTmp/src.cxx
Linking CXX executable cmTC_bcd96
/usr/bin/cmake -E cmake_link_script CMakeFiles/cmTC_bcd96.dir/link.txt --verbose=1
/usr/bin/c++   -Wall -msse2 -mfpmath=sse -march=core2 -mtune=core2 -DOpenMP_FLAG_DETECTED -fopenmp  -O3 -g    -rdynamic CMakeFiles/cmTC_bcd96.dir/src.cxx.o  -o cmTC_bcd96 
make[2]: Leaving directory '/home/abhi/Multicore/rstm_build/CMakeFiles/CMakeTmp'
make[1]: Leaving directory '/home/abhi/Multicore/rstm_build/CMakeFiles/CMakeTmp'

Source file was:

#include <omp.h>
int main() { 
#ifdef _OPENMP
  return 0; 
#else
  breaks_on_purpose
#endif
}

